2023-12-19 00:12:19 INFO  MyAccountsPage :82 - Click on my account link [[ChromeDriver: chrome on windows (374901a1b7f404f5f944de2aab3a5176)] -> xpath: //span[text()='My Account']]
2023-12-19 00:12:736 INFO  MyAccountsPage :90 - Select my account option 
2023-12-19 00:12:775 INFO  MyAccountsPage :97 - Get text from element [[ChromeDriver: chrome on windows (374901a1b7f404f5f944de2aab3a5176)] -> css selector: #content h1]
2023-12-19 00:12:596 INFO  MyAccountsPage :82 - Click on my account link [[ChromeDriver: chrome on windows (36bf0391fe3f54c87516cf85724bf964)] -> xpath: //span[text()='My Account']]
2023-12-19 00:12:50 INFO  MyAccountsPage :102 - Select my account Login 
2023-12-19 00:12:93 INFO  MyAccountsPage :105 - Get text returning customer [[ChromeDriver: chrome on windows (36bf0391fe3f54c87516cf85724bf964)] -> css selector: #content > div > div:nth-child(2) > div > h2]
2023-12-19 00:12:503 INFO  MyAccountsPage :82 - Click on my account link [[ChromeDriver: chrome on windows (54d459fa66b37931e9eecae519abf69c)] -> xpath: //span[text()='My Account']]
2023-12-19 00:12:111 INFO  MyAccountsPage :90 - Select my account option 
2023-12-19 00:12:179 INFO  MyAccountsPage :118 - All the information 
2023-12-19 00:12:207 INFO  MyAccountsPage :127 - Get text account created : Proxy element for: DefaultElementLocator 'By.xpath: //h1[text()='Your Account Has Been Created!']'
2023-12-19 00:12:882 INFO  MyAccountsPage :82 - Click on my account link [[ChromeDriver: chrome on windows (d156b4161b36533b71a4b71965ccaa8f)] -> xpath: //span[text()='My Account']]
2023-12-19 00:12:374 INFO  MyAccountsPage :102 - Select my account Login 
2023-12-19 00:12:135 INFO  MyAccountsPage :124 - Email password information 
2023-12-19 00:12:207 INFO  MyAccountsPage :143 - Get text my account [[ChromeDriver: chrome on windows (d156b4161b36533b71a4b71965ccaa8f)] -> xpath: //h2[text()='My Account']]
2023-12-19 00:12:308 INFO  MyAccountsPage :86 - Click on my account link [[ChromeDriver: chrome on windows (d156b4161b36533b71a4b71965ccaa8f)] -> xpath: //span[text()='My Account']]
2023-12-19 00:12:945 INFO  MyAccountsPage :94 - Select my account logout option 
2023-12-19 00:12:976 INFO  MyAccountsPage :135 - Get text Account log out [[ChromeDriver: chrome on windows (d156b4161b36533b71a4b71965ccaa8f)] -> xpath: //h1[text()='Account Logout']]
2023-12-19 00:12:351 INFO  MyAccountsPage :132 - Click on continue button [[ChromeDriver: chrome on windows (d156b4161b36533b71a4b71965ccaa8f)] -> css selector: a[class='btn btn-primary']]
2023-12-19 00:12:576 INFO  HomePage :29 - Hover on desktop and click [[ChromeDriver: chrome on windows (bf6d0b0082f4e0d671c71c351ab9207d)] -> xpath: //a[text()='Desktops']]
2023-12-19 00:12:163 INFO  HomePage :33 - Call select menu method and click [[ChromeDriver: chrome on windows (bf6d0b0082f4e0d671c71c351ab9207d)] -> xpath: //a[text()='Desktops']]
2023-12-19 00:12:281 INFO  DesktopsPage :41 - Click on sort by Dropdown [[ChromeDriver: chrome on windows (bf6d0b0082f4e0d671c71c351ab9207d)] -> id: input-sort]
2023-12-19 00:12:763 INFO  DesktopsPage :45 - Select name Z to A from dropdown [[ChromeDriver: chrome on windows (bf6d0b0082f4e0d671c71c351ab9207d)] -> id: input-sort]
2023-12-19 00:12:269 INFO  DesktopsPage :76 - Product is in Descending order [[[ChromeDriver: chrome on windows (bf6d0b0082f4e0d671c71c351ab9207d)] -> xpath: //h4/a], [[ChromeDriver: chrome on windows (bf6d0b0082f4e0d671c71c351ab9207d)] -> xpath: //h4/a], [[ChromeDriver: chrome on windows (bf6d0b0082f4e0d671c71c351ab9207d)] -> xpath: //h4/a], [[ChromeDriver: chrome on windows (bf6d0b0082f4e0d671c71c351ab9207d)] -> xpath: //h4/a], [[ChromeDriver: chrome on windows (bf6d0b0082f4e0d671c71c351ab9207d)] -> xpath: //h4/a], [[ChromeDriver: chrome on windows (bf6d0b0082f4e0d671c71c351ab9207d)] -> xpath: //h4/a], [[ChromeDriver: chrome on windows (bf6d0b0082f4e0d671c71c351ab9207d)] -> xpath: //h4/a], [[ChromeDriver: chrome on windows (bf6d0b0082f4e0d671c71c351ab9207d)] -> xpath: //h4/a], [[ChromeDriver: chrome on windows (bf6d0b0082f4e0d671c71c351ab9207d)] -> xpath: //h4/a], [[ChromeDriver: chrome on windows (bf6d0b0082f4e0d671c71c351ab9207d)] -> xpath: //h4/a], [[ChromeDriver: chrome on windows (bf6d0b0082f4e0d671c71c351ab9207d)] -> xpath: //h4/a], [[ChromeDriver: chrome on windows (bf6d0b0082f4e0d671c71c351ab9207d)] -> xpath: //h4/a]]
2023-12-19 00:12:949 INFO  HomePage :29 - Hover on desktop and click [[ChromeDriver: chrome on windows (7e8077369f65045d82d2735f3fd6329b)] -> xpath: //a[text()='Desktops']]
2023-12-19 00:12:573 INFO  HomePage :33 - Call select menu method and click [[ChromeDriver: chrome on windows (7e8077369f65045d82d2735f3fd6329b)] -> xpath: //a[text()='Desktops']]
2023-12-19 00:12:692 INFO  DesktopsPage :41 - Click on sort by Dropdown [[ChromeDriver: chrome on windows (7e8077369f65045d82d2735f3fd6329b)] -> id: input-sort]
2023-12-19 00:12:219 INFO  DesktopsPage :49 - Select name A to Z from dropdown [[ChromeDriver: chrome on windows (7e8077369f65045d82d2735f3fd6329b)] -> id: input-sort]
2023-12-19 00:12:28 INFO  DesktopsPage :53 - Select product [[ChromeDriver: chrome on windows (7e8077369f65045d82d2735f3fd6329b)] -> xpath: //a[text()='HP LP3065']]
2023-12-19 00:12:133 INFO  HPLP3065Page :47 - Get text [[ChromeDriver: chrome on windows (7e8077369f65045d82d2735f3fd6329b)] -> css selector: #content h1]
2023-12-19 00:12:120 INFO  HPLP3065Page :89 - Select delivery date : [[[ChromeDriver: chrome on windows (7e8077369f65045d82d2735f3fd6329b)] -> xpath: //div[@class = 'datepicker']/div[1]//tbody/tr/td[@class = 'day']], [[ChromeDriver: chrome on windows (7e8077369f65045d82d2735f3fd6329b)] -> xpath: //div[@class = 'datepicker']/div[1]//tbody/tr/td[@class = 'day']], [[ChromeDriver: chrome on windows (7e8077369f65045d82d2735f3fd6329b)] -> xpath: //div[@class = 'datepicker']/div[1]//tbody/tr/td[@class = 'day']], [[ChromeDriver: chrome on windows (7e8077369f65045d82d2735f3fd6329b)] -> xpath: //div[@class = 'datepicker']/div[1]//tbody/tr/td[@class = 'day']], [[ChromeDriver: chrome on windows (7e8077369f65045d82d2735f3fd6329b)] -> xpath: //div[@class = 'datepicker']/div[1]//tbody/tr/td[@class = 'day']], [[ChromeDriver: chrome on windows (7e8077369f65045d82d2735f3fd6329b)] -> xpath: //div[@class = 'datepicker']/div[1]//tbody/tr/td[@class = 'day']], [[ChromeDriver: chrome on windows (7e8077369f65045d82d2735f3fd6329b)] -> xpath: //div[@class = 'datepicker']/div[1]//tbody/tr/td[@class = 'day']], [[ChromeDriver: chrome on windows (7e8077369f65045d82d2735f3fd6329b)] -> xpath: //div[@class = 'datepicker']/div[1]//tbody/tr/td[@class = 'day']], [[ChromeDriver: chrome on windows (7e8077369f65045d82d2735f3fd6329b)] -> xpath: //div[@class = 'datepicker']/div[1]//tbody/tr/td[@class = 'day']], [[ChromeDriver: chrome on windows (7e8077369f65045d82d2735f3fd6329b)] -> xpath: //div[@class = 'datepicker']/div[1]//tbody/tr/td[@class = 'day']], [[ChromeDriver: chrome on windows (7e8077369f65045d82d2735f3fd6329b)] -> xpath: //div[@class = 'datepicker']/div[1]//tbody/tr/td[@class = 'day']], [[ChromeDriver: chrome on windows (7e8077369f65045d82d2735f3fd6329b)] -> xpath: //div[@class = 'datepicker']/div[1]//tbody/tr/td[@class = 'day']], [[ChromeDriver: chrome on windows (7e8077369f65045d82d2735f3fd6329b)] -> xpath: //div[@class = 'datepicker']/div[1]//tbody/tr/td[@class = 'day']], [[ChromeDriver: chrome on windows (7e8077369f65045d82d2735f3fd6329b)] -> xpath: //div[@class = 'datepicker']/div[1]//tbody/tr/td[@class = 'day']], [[ChromeDriver: chrome on windows (7e8077369f65045d82d2735f3fd6329b)] -> xpath: //div[@class = 'datepicker']/div[1]//tbody/tr/td[@class = 'day']], [[ChromeDriver: chrome on windows (7e8077369f65045d82d2735f3fd6329b)] -> xpath: //div[@class = 'datepicker']/div[1]//tbody/tr/td[@class = 'day']], [[ChromeDriver: chrome on windows (7e8077369f65045d82d2735f3fd6329b)] -> xpath: //div[@class = 'datepicker']/div[1]//tbody/tr/td[@class = 'day']], [[ChromeDriver: chrome on windows (7e8077369f65045d82d2735f3fd6329b)] -> xpath: //div[@class = 'datepicker']/div[1]//tbody/tr/td[@class = 'day']], [[ChromeDriver: chrome on windows (7e8077369f65045d82d2735f3fd6329b)] -> xpath: //div[@class = 'datepicker']/div[1]//tbody/tr/td[@class = 'day']], [[ChromeDriver: chrome on windows (7e8077369f65045d82d2735f3fd6329b)] -> xpath: //div[@class = 'datepicker']/div[1]//tbody/tr/td[@class = 'day']], [[ChromeDriver: chrome on windows (7e8077369f65045d82d2735f3fd6329b)] -> xpath: //div[@class = 'datepicker']/div[1]//tbody/tr/td[@class = 'day']], [[ChromeDriver: chrome on windows (7e8077369f65045d82d2735f3fd6329b)] -> xpath: //div[@class = 'datepicker']/div[1]//tbody/tr/td[@class = 'day']], [[ChromeDriver: chrome on windows (7e8077369f65045d82d2735f3fd6329b)] -> xpath: //div[@class = 'datepicker']/div[1]//tbody/tr/td[@class = 'day']], [[ChromeDriver: chrome on windows (7e8077369f65045d82d2735f3fd6329b)] -> xpath: //div[@class = 'datepicker']/div[1]//tbody/tr/td[@class = 'day']], [[ChromeDriver: chrome on windows (7e8077369f65045d82d2735f3fd6329b)] -> xpath: //div[@class = 'datepicker']/div[1]//tbody/tr/td[@class = 'day']], [[ChromeDriver: chrome on windows (7e8077369f65045d82d2735f3fd6329b)] -> xpath: //div[@class = 'datepicker']/div[1]//tbody/tr/td[@class = 'day']], [[ChromeDriver: chrome on windows (7e8077369f65045d82d2735f3fd6329b)] -> xpath: //div[@class = 'datepicker']/div[1]//tbody/tr/td[@class = 'day']], [[ChromeDriver: chrome on windows (7e8077369f65045d82d2735f3fd6329b)] -> xpath: //div[@class = 'datepicker']/div[1]//tbody/tr/td[@class = 'day']], [[ChromeDriver: chrome on windows (7e8077369f65045d82d2735f3fd6329b)] -> xpath: //div[@class = 'datepicker']/div[1]//tbody/tr/td[@class = 'day']], [[ChromeDriver: chrome on windows (7e8077369f65045d82d2735f3fd6329b)] -> xpath: //div[@class = 'datepicker']/div[1]//tbody/tr/td[@class = 'day']]]
2023-12-19 00:12:231 INFO  HPLP3065Page :52 - Enter quantity [[ChromeDriver: chrome on windows (7e8077369f65045d82d2735f3fd6329b)] -> css selector: #input-quantity]
2023-12-19 00:12:321 INFO  HPLP3065Page :56 - Click on add to cart button [[ChromeDriver: chrome on windows (7e8077369f65045d82d2735f3fd6329b)] -> css selector: #button-cart]
2023-12-19 00:12:354 INFO  HPLP3065Page :47 - Get text [[ChromeDriver: chrome on windows (7e8077369f65045d82d2735f3fd6329b)] -> css selector: #content h1]
2023-12-19 00:12:935 INFO  HPLP3065Page :59 - Get text message Success : [[ChromeDriver: chrome on windows (7e8077369f65045d82d2735f3fd6329b)] -> css selector: .alert.alert-success.alert-dismissible]
2023-12-19 00:12:136 INFO  HomePage :37 - Hover on the laptops and notebooks and click [[ChromeDriver: chrome on windows (c61b257e6ef9d06ec37759ee584201d3)] -> xpath: //a[text()='Laptops & Notebooks']]
2023-12-19 00:12:799 INFO  HomePage :33 - Call select menu method and click [[ChromeDriver: chrome on windows (c61b257e6ef9d06ec37759ee584201d3)] -> xpath: //a[text()='Desktops']]
2023-12-19 00:12:922 INFO  LaptopsAndNotebooksPage :42 - Click on sort by dropdown [[ChromeDriver: chrome on windows (c61b257e6ef9d06ec37759ee584201d3)] -> id: input-sort]
2023-12-19 00:12:423 INFO  LaptopsAndNotebooksPage :46 - Select price high to low [[ChromeDriver: chrome on windows (c61b257e6ef9d06ec37759ee584201d3)] -> id: input-sort]
2023-12-19 00:12:737 INFO  LaptopsAndNotebooksPage :73 - Select product macbook [2000.0, 1202.0, 1202.0, 602.0, 122.0]
2023-12-19 00:12:605 INFO  HomePage :37 - Hover on the laptops and notebooks and click [[ChromeDriver: chrome on windows (196c3ae42cb218617ebc15b46c334db3)] -> xpath: //a[text()='Laptops & Notebooks']]
2023-12-19 00:12:245 INFO  HomePage :33 - Call select menu method and click [[ChromeDriver: chrome on windows (196c3ae42cb218617ebc15b46c334db3)] -> xpath: //a[text()='Desktops']]
2023-12-19 00:12:369 INFO  LaptopsAndNotebooksPage :42 - Click on sort by dropdown [[ChromeDriver: chrome on windows (196c3ae42cb218617ebc15b46c334db3)] -> id: input-sort]
2023-12-19 00:12:860 INFO  LaptopsAndNotebooksPage :46 - Select price high to low [[ChromeDriver: chrome on windows (196c3ae42cb218617ebc15b46c334db3)] -> id: input-sort]
2023-12-19 00:12:729 INFO  LaptopsAndNotebooksPage :50 - Select product macbook [[ChromeDriver: chrome on windows (196c3ae42cb218617ebc15b46c334db3)] -> xpath: //a[text()='MacBook']]
2023-12-19 00:12:767 INFO  MacBookPage :33 - Get text macbook [[ChromeDriver: chrome on windows (196c3ae42cb218617ebc15b46c334db3)] -> xpath: //h1[text()='MacBook']]
2023-12-19 00:12:854 INFO  MacBookPage :39 - Click on add to cart button [[ChromeDriver: chrome on windows (196c3ae42cb218617ebc15b46c334db3)] -> css selector: #button-cart]
2023-12-19 00:12:331 INFO  MacBookPage :43 - Get text success [[ChromeDriver: chrome on windows (196c3ae42cb218617ebc15b46c334db3)] -> css selector: .alert.alert-success.alert-dismissible]
2023-12-19 00:12:690 INFO  MacBookPage :49 - Click link shopping cart [[ChromeDriver: chrome on windows (196c3ae42cb218617ebc15b46c334db3)] -> css selector: .alert.alert-success.alert-dismissible a:nth-of-type(2)]
2023-12-19 00:12:722 INFO  ShoppingCartPage :105 - Get text shopping cart : [[ChromeDriver: chrome on windows (196c3ae42cb218617ebc15b46c334db3)] -> css selector: #content>h1]
2023-12-19 00:12:766 INFO  ShoppingCartPage :130 - Get text MacBook [[ChromeDriver: chrome on windows (196c3ae42cb218617ebc15b46c334db3)] -> css selector: body > div:nth-child(4) > div:nth-child(2) > div:nth-child(1) > form:nth-child(2) > div:nth-child(1) > table:nth-child(1) > tbody:nth-child(2) > tr:nth-child(1) > td:nth-child(2) > a:nth-child(1)]
2023-12-19 00:12:922 INFO  ShoppingCartPage :136 - Change Quantity [[ChromeDriver: chrome on windows (196c3ae42cb218617ebc15b46c334db3)] -> css selector: div.input-group.btn-block>input]
2023-12-19 00:12:481 INFO  ShoppingCartPage :141 - Click on update tab [[ChromeDriver: chrome on windows (196c3ae42cb218617ebc15b46c334db3)] -> css selector: .fa.fa-refresh]
2023-12-19 00:12:506 INFO  ShoppingCartPage :145 - get text message [[ChromeDriver: chrome on windows (196c3ae42cb218617ebc15b46c334db3)] -> css selector: .alert.alert-success.alert-dismissible]
2023-12-19 00:12:548 INFO  ShoppingCartPage :150 - Get text total [[ChromeDriver: chrome on windows (196c3ae42cb218617ebc15b46c334db3)] -> css selector: #content > div.row > div > table > tbody > tr:nth-child(4) > td:nth-child(2)]
2023-12-19 00:12:925 INFO  ShoppingCartPage :156 - Click on check out button [[ChromeDriver: chrome on windows (196c3ae42cb218617ebc15b46c334db3)] -> css selector: a.btn.btn-primary]
2023-12-19 00:12:947 INFO  ShoppingCartPage :160 - Get text Check out [[ChromeDriver: chrome on windows (196c3ae42cb218617ebc15b46c334db3)] -> xpath: //h1[text()='Checkout']]
2023-12-19 00:12:20 INFO  ShoppingCartPage :165 - Get text new customer [[ChromeDriver: chrome on windows (196c3ae42cb218617ebc15b46c334db3)] -> xpath: //h2[text()='New Customer']]
2023-12-19 00:12:134 INFO  ShoppingCartPage :171 - Click on guest check out radio [[ChromeDriver: chrome on windows (196c3ae42cb218617ebc15b46c334db3)] -> css selector: input[value='guest']]
2023-12-19 00:12:238 INFO  ShoppingCartPage :176 - Click on continue button [[ChromeDriver: chrome on windows (196c3ae42cb218617ebc15b46c334db3)] -> css selector: #button-account]
2023-12-19 00:12:827 INFO  ShoppingCartPage :188 - Mandatory fields 
2023-12-19 00:12:928 INFO  ShoppingCartPage :193 - Click on continue button [[ChromeDriver: chrome on windows (196c3ae42cb218617ebc15b46c334db3)] -> css selector: #button-guest]
2023-12-19 00:12:455 INFO  ShoppingCartPage :198 - Add comments about order [[ChromeDriver: chrome on windows (196c3ae42cb218617ebc15b46c334db3)] -> css selector: textarea[name='comment']]
2023-12-19 00:12:544 INFO  ShoppingCartPage :203 - Click on terms and condition checkbox [[ChromeDriver: chrome on windows (196c3ae42cb218617ebc15b46c334db3)] -> css selector: input[type='checkbox']]
2023-12-19 00:12:691 INFO  ShoppingCartPage :208 - Click on continue button [[ChromeDriver: chrome on windows (196c3ae42cb218617ebc15b46c334db3)] -> css selector: #button-payment-method]
2023-12-19 00:12:856 INFO  ShoppingCartPage :212 - Get text warning message [[ChromeDriver: chrome on windows (196c3ae42cb218617ebc15b46c334db3)] -> css selector: .alert.alert-danger.alert-dismissible]
2023-12-19 00:12:489 INFO  MyAccountsPage :82 - Click on my account link [[ChromeDriver: chrome on windows (4ec66f7f4b05910bea27a14fa63c23fc)] -> xpath: //span[text()='My Account']]
2023-12-19 00:12:63 INFO  MyAccountsPage :90 - Select my account option 
2023-12-19 00:12:99 INFO  MyAccountsPage :97 - Get text from element [[ChromeDriver: chrome on windows (4ec66f7f4b05910bea27a14fa63c23fc)] -> css selector: #content h1]
2023-12-19 00:12:604 INFO  MyAccountsPage :82 - Click on my account link [[ChromeDriver: chrome on windows (5011919f7e2e75c17c3c57dfe8c4b473)] -> xpath: //span[text()='My Account']]
2023-12-19 00:12:49 INFO  MyAccountsPage :102 - Select my account Login 
2023-12-19 00:12:84 INFO  MyAccountsPage :105 - Get text returning customer [[ChromeDriver: chrome on windows (5011919f7e2e75c17c3c57dfe8c4b473)] -> css selector: #content > div > div:nth-child(2) > div > h2]
2023-12-19 00:12:923 INFO  MyAccountsPage :82 - Click on my account link [[ChromeDriver: chrome on windows (d4eedc42e7469ad353bdd703d3d477bc)] -> xpath: //span[text()='My Account']]
2023-12-19 00:12:608 INFO  MyAccountsPage :90 - Select my account option 
2023-12-19 00:12:983 INFO  MyAccountsPage :118 - All the information 
2023-12-19 00:12:18 INFO  MyAccountsPage :127 - Get text account created : [[ChromeDriver: chrome on windows (d4eedc42e7469ad353bdd703d3d477bc)] -> xpath: //h1[text()='Your Account Has Been Created!']]
2023-12-19 00:12:424 INFO  MyAccountsPage :132 - Click on continue button [[ChromeDriver: chrome on windows (d4eedc42e7469ad353bdd703d3d477bc)] -> css selector: a[class='btn btn-primary']]
2023-12-19 00:12:523 INFO  MyAccountsPage :82 - Click on my account link [[ChromeDriver: chrome on windows (d4eedc42e7469ad353bdd703d3d477bc)] -> xpath: //span[text()='My Account']]
2023-12-19 00:12:221 INFO  MyAccountsPage :94 - Select my account logout option 
2023-12-19 00:12:262 INFO  MyAccountsPage :135 - Get text Account log out [[ChromeDriver: chrome on windows (d4eedc42e7469ad353bdd703d3d477bc)] -> xpath: //h1[text()='Account Logout']]
2023-12-19 00:12:713 INFO  MyAccountsPage :140 - Click on continue button [[ChromeDriver: chrome on windows (d4eedc42e7469ad353bdd703d3d477bc)] -> css selector: .btn.btn-primary]
2023-12-19 00:12:809 INFO  MyAccountsPage :82 - Click on my account link [[ChromeDriver: chrome on windows (d414c6d632b53e26051ff4ccd8e70ccb)] -> xpath: //span[text()='My Account']]
2023-12-19 00:12:269 INFO  MyAccountsPage :102 - Select my account Login 
2023-12-19 00:12:876 INFO  MyAccountsPage :124 - Email password information 
2023-12-19 00:12:934 INFO  MyAccountsPage :143 - Get text my account Proxy element for: DefaultElementLocator 'By.xpath: //h2[text()='My Account']'
2023-12-19 00:12:111 INFO  HomePage :29 - Hover on desktop and click [[ChromeDriver: chrome on windows (c9976ddce0e80fb28baed19dfe7570fe)] -> xpath: //a[text()='Desktops']]
2023-12-19 00:12:735 INFO  HomePage :33 - Call select menu method and click [[ChromeDriver: chrome on windows (c9976ddce0e80fb28baed19dfe7570fe)] -> xpath: //a[text()='Desktops']]
2023-12-19 00:12:769 INFO  DesktopsPage :36 - Get text from desktops [[ChromeDriver: chrome on windows (c9976ddce0e80fb28baed19dfe7570fe)] -> xpath: //h2]
2023-12-19 00:12:836 INFO  HomePage :37 - Hover on the laptops and notebooks and click [[ChromeDriver: chrome on windows (5d38ab7d081a5c020124d6d1fb5f274f)] -> xpath: //a[text()='Laptops & Notebooks']]
2023-12-19 00:12:418 INFO  HomePage :33 - Call select menu method and click [[ChromeDriver: chrome on windows (5d38ab7d081a5c020124d6d1fb5f274f)] -> xpath: //a[text()='Desktops']]
2023-12-19 00:12:448 INFO  LaptopsAndNotebooksPage :37 - Get text [[ChromeDriver: chrome on windows (5d38ab7d081a5c020124d6d1fb5f274f)] -> css selector: #content h2]
2023-12-19 00:12:820 INFO  HomePage :41 - Hover on the components and click [[ChromeDriver: chrome on windows (3e02dca3a561f21a11e63e50dba98172)] -> xpath: //a[text()='Components']]
2023-12-19 00:12:400 INFO  HomePage :33 - Call select menu method and click [[ChromeDriver: chrome on windows (3e02dca3a561f21a11e63e50dba98172)] -> xpath: //a[text()='Desktops']]
2023-12-19 00:12:434 INFO  ComponentsPage :24 - Get text from components [[ChromeDriver: chrome on windows (3e02dca3a561f21a11e63e50dba98172)] -> css selector: #content h2]
2023-12-19 01:12:480 INFO  HomePage :29 - Hover on desktop and click [[ChromeDriver: chrome on windows (ac8c8cd7efa4fadb4733cc2316826210)] -> xpath: //a[text()='Desktops']]
2023-12-19 01:12:261 INFO  HomePage :33 - Call select menu method and click [[ChromeDriver: chrome on windows (ac8c8cd7efa4fadb4733cc2316826210)] -> xpath: //a[text()='Desktops']]
2023-12-19 01:12:368 INFO  DesktopsPage :41 - Click on sort by Dropdown [[ChromeDriver: chrome on windows (ac8c8cd7efa4fadb4733cc2316826210)] -> id: input-sort]
2023-12-19 01:12:787 INFO  DesktopsPage :45 - Select name Z to A from dropdown [[ChromeDriver: chrome on windows (ac8c8cd7efa4fadb4733cc2316826210)] -> id: input-sort]
2023-12-19 01:12:293 INFO  DesktopsPage :76 - Product is in Descending order [[[ChromeDriver: chrome on windows (ac8c8cd7efa4fadb4733cc2316826210)] -> xpath: //h4/a], [[ChromeDriver: chrome on windows (ac8c8cd7efa4fadb4733cc2316826210)] -> xpath: //h4/a], [[ChromeDriver: chrome on windows (ac8c8cd7efa4fadb4733cc2316826210)] -> xpath: //h4/a], [[ChromeDriver: chrome on windows (ac8c8cd7efa4fadb4733cc2316826210)] -> xpath: //h4/a], [[ChromeDriver: chrome on windows (ac8c8cd7efa4fadb4733cc2316826210)] -> xpath: //h4/a], [[ChromeDriver: chrome on windows (ac8c8cd7efa4fadb4733cc2316826210)] -> xpath: //h4/a], [[ChromeDriver: chrome on windows (ac8c8cd7efa4fadb4733cc2316826210)] -> xpath: //h4/a], [[ChromeDriver: chrome on windows (ac8c8cd7efa4fadb4733cc2316826210)] -> xpath: //h4/a], [[ChromeDriver: chrome on windows (ac8c8cd7efa4fadb4733cc2316826210)] -> xpath: //h4/a], [[ChromeDriver: chrome on windows (ac8c8cd7efa4fadb4733cc2316826210)] -> xpath: //h4/a], [[ChromeDriver: chrome on windows (ac8c8cd7efa4fadb4733cc2316826210)] -> xpath: //h4/a], [[ChromeDriver: chrome on windows (ac8c8cd7efa4fadb4733cc2316826210)] -> xpath: //h4/a]]
2023-12-19 01:12:720 INFO  HomePage :29 - Hover on desktop and click [[ChromeDriver: chrome on windows (49a5f9c97ca95643a6762d68147c23ae)] -> xpath: //a[text()='Desktops']]
2023-12-19 01:12:339 INFO  HomePage :33 - Call select menu method and click [[ChromeDriver: chrome on windows (49a5f9c97ca95643a6762d68147c23ae)] -> xpath: //a[text()='Desktops']]
2023-12-19 01:12:435 INFO  DesktopsPage :41 - Click on sort by Dropdown [[ChromeDriver: chrome on windows (49a5f9c97ca95643a6762d68147c23ae)] -> id: input-sort]
2023-12-19 01:12:898 INFO  DesktopsPage :49 - Select name A to Z from dropdown [[ChromeDriver: chrome on windows (49a5f9c97ca95643a6762d68147c23ae)] -> id: input-sort]
2023-12-19 01:12:546 INFO  DesktopsPage :53 - Select product [[ChromeDriver: chrome on windows (49a5f9c97ca95643a6762d68147c23ae)] -> xpath: //a[text()='HP LP3065']]
2023-12-19 01:12:605 INFO  HPLP3065Page :47 - Get text [[ChromeDriver: chrome on windows (49a5f9c97ca95643a6762d68147c23ae)] -> css selector: #content h1]
2023-12-19 01:12:700 INFO  HPLP3065Page :89 - Select delivery date : [[[ChromeDriver: chrome on windows (49a5f9c97ca95643a6762d68147c23ae)] -> xpath: //div[@class = 'datepicker']/div[1]//tbody/tr/td[@class = 'day']], [[ChromeDriver: chrome on windows (49a5f9c97ca95643a6762d68147c23ae)] -> xpath: //div[@class = 'datepicker']/div[1]//tbody/tr/td[@class = 'day']], [[ChromeDriver: chrome on windows (49a5f9c97ca95643a6762d68147c23ae)] -> xpath: //div[@class = 'datepicker']/div[1]//tbody/tr/td[@class = 'day']], [[ChromeDriver: chrome on windows (49a5f9c97ca95643a6762d68147c23ae)] -> xpath: //div[@class = 'datepicker']/div[1]//tbody/tr/td[@class = 'day']], [[ChromeDriver: chrome on windows (49a5f9c97ca95643a6762d68147c23ae)] -> xpath: //div[@class = 'datepicker']/div[1]//tbody/tr/td[@class = 'day']], [[ChromeDriver: chrome on windows (49a5f9c97ca95643a6762d68147c23ae)] -> xpath: //div[@class = 'datepicker']/div[1]//tbody/tr/td[@class = 'day']], [[ChromeDriver: chrome on windows (49a5f9c97ca95643a6762d68147c23ae)] -> xpath: //div[@class = 'datepicker']/div[1]//tbody/tr/td[@class = 'day']], [[ChromeDriver: chrome on windows (49a5f9c97ca95643a6762d68147c23ae)] -> xpath: //div[@class = 'datepicker']/div[1]//tbody/tr/td[@class = 'day']], [[ChromeDriver: chrome on windows (49a5f9c97ca95643a6762d68147c23ae)] -> xpath: //div[@class = 'datepicker']/div[1]//tbody/tr/td[@class = 'day']], [[ChromeDriver: chrome on windows (49a5f9c97ca95643a6762d68147c23ae)] -> xpath: //div[@class = 'datepicker']/div[1]//tbody/tr/td[@class = 'day']], [[ChromeDriver: chrome on windows (49a5f9c97ca95643a6762d68147c23ae)] -> xpath: //div[@class = 'datepicker']/div[1]//tbody/tr/td[@class = 'day']], [[ChromeDriver: chrome on windows (49a5f9c97ca95643a6762d68147c23ae)] -> xpath: //div[@class = 'datepicker']/div[1]//tbody/tr/td[@class = 'day']], [[ChromeDriver: chrome on windows (49a5f9c97ca95643a6762d68147c23ae)] -> xpath: //div[@class = 'datepicker']/div[1]//tbody/tr/td[@class = 'day']], [[ChromeDriver: chrome on windows (49a5f9c97ca95643a6762d68147c23ae)] -> xpath: //div[@class = 'datepicker']/div[1]//tbody/tr/td[@class = 'day']], [[ChromeDriver: chrome on windows (49a5f9c97ca95643a6762d68147c23ae)] -> xpath: //div[@class = 'datepicker']/div[1]//tbody/tr/td[@class = 'day']], [[ChromeDriver: chrome on windows (49a5f9c97ca95643a6762d68147c23ae)] -> xpath: //div[@class = 'datepicker']/div[1]//tbody/tr/td[@class = 'day']], [[ChromeDriver: chrome on windows (49a5f9c97ca95643a6762d68147c23ae)] -> xpath: //div[@class = 'datepicker']/div[1]//tbody/tr/td[@class = 'day']], [[ChromeDriver: chrome on windows (49a5f9c97ca95643a6762d68147c23ae)] -> xpath: //div[@class = 'datepicker']/div[1]//tbody/tr/td[@class = 'day']], [[ChromeDriver: chrome on windows (49a5f9c97ca95643a6762d68147c23ae)] -> xpath: //div[@class = 'datepicker']/div[1]//tbody/tr/td[@class = 'day']], [[ChromeDriver: chrome on windows (49a5f9c97ca95643a6762d68147c23ae)] -> xpath: //div[@class = 'datepicker']/div[1]//tbody/tr/td[@class = 'day']], [[ChromeDriver: chrome on windows (49a5f9c97ca95643a6762d68147c23ae)] -> xpath: //div[@class = 'datepicker']/div[1]//tbody/tr/td[@class = 'day']], [[ChromeDriver: chrome on windows (49a5f9c97ca95643a6762d68147c23ae)] -> xpath: //div[@class = 'datepicker']/div[1]//tbody/tr/td[@class = 'day']], [[ChromeDriver: chrome on windows (49a5f9c97ca95643a6762d68147c23ae)] -> xpath: //div[@class = 'datepicker']/div[1]//tbody/tr/td[@class = 'day']], [[ChromeDriver: chrome on windows (49a5f9c97ca95643a6762d68147c23ae)] -> xpath: //div[@class = 'datepicker']/div[1]//tbody/tr/td[@class = 'day']], [[ChromeDriver: chrome on windows (49a5f9c97ca95643a6762d68147c23ae)] -> xpath: //div[@class = 'datepicker']/div[1]//tbody/tr/td[@class = 'day']], [[ChromeDriver: chrome on windows (49a5f9c97ca95643a6762d68147c23ae)] -> xpath: //div[@class = 'datepicker']/div[1]//tbody/tr/td[@class = 'day']], [[ChromeDriver: chrome on windows (49a5f9c97ca95643a6762d68147c23ae)] -> xpath: //div[@class = 'datepicker']/div[1]//tbody/tr/td[@class = 'day']], [[ChromeDriver: chrome on windows (49a5f9c97ca95643a6762d68147c23ae)] -> xpath: //div[@class = 'datepicker']/div[1]//tbody/tr/td[@class = 'day']], [[ChromeDriver: chrome on windows (49a5f9c97ca95643a6762d68147c23ae)] -> xpath: //div[@class = 'datepicker']/div[1]//tbody/tr/td[@class = 'day']], [[ChromeDriver: chrome on windows (49a5f9c97ca95643a6762d68147c23ae)] -> xpath: //div[@class = 'datepicker']/div[1]//tbody/tr/td[@class = 'day']]]
2023-12-19 01:12:822 INFO  HPLP3065Page :52 - Enter quantity [[ChromeDriver: chrome on windows (49a5f9c97ca95643a6762d68147c23ae)] -> css selector: #input-quantity]
2023-12-19 01:12:905 INFO  HPLP3065Page :56 - Click on add to cart button [[ChromeDriver: chrome on windows (49a5f9c97ca95643a6762d68147c23ae)] -> css selector: #button-cart]
2023-12-19 01:12:950 INFO  HPLP3065Page :47 - Get text [[ChromeDriver: chrome on windows (49a5f9c97ca95643a6762d68147c23ae)] -> css selector: #content h1]
2023-12-19 01:12:510 INFO  HPLP3065Page :59 - Get text message Success : [[ChromeDriver: chrome on windows (49a5f9c97ca95643a6762d68147c23ae)] -> css selector: .alert.alert-success.alert-dismissible]
2023-12-19 01:12:35 INFO  HomePage :37 - Hover on the laptops and notebooks and click [[ChromeDriver: chrome on windows (27f3b05b6b21dcc08663e3d7da8178c7)] -> xpath: //a[text()='Laptops & Notebooks']]
2023-12-19 01:12:663 INFO  HomePage :33 - Call select menu method and click [[ChromeDriver: chrome on windows (27f3b05b6b21dcc08663e3d7da8178c7)] -> xpath: //a[text()='Desktops']]
2023-12-19 01:12:763 INFO  LaptopsAndNotebooksPage :42 - Click on sort by dropdown [[ChromeDriver: chrome on windows (27f3b05b6b21dcc08663e3d7da8178c7)] -> id: input-sort]
2023-12-19 01:12:234 INFO  LaptopsAndNotebooksPage :46 - Select price high to low [[ChromeDriver: chrome on windows (27f3b05b6b21dcc08663e3d7da8178c7)] -> id: input-sort]
2023-12-19 01:12:540 INFO  LaptopsAndNotebooksPage :73 - Select product macbook [2000.0, 1202.0, 1202.0, 602.0, 122.0]
2023-12-19 01:12:821 INFO  HomePage :37 - Hover on the laptops and notebooks and click [[ChromeDriver: chrome on windows (5d4a9b11b40a0da0b54406b5818d1f95)] -> xpath: //a[text()='Laptops & Notebooks']]
2023-12-19 01:12:472 INFO  HomePage :33 - Call select menu method and click [[ChromeDriver: chrome on windows (5d4a9b11b40a0da0b54406b5818d1f95)] -> xpath: //a[text()='Desktops']]
2023-12-19 01:12:570 INFO  LaptopsAndNotebooksPage :42 - Click on sort by dropdown [[ChromeDriver: chrome on windows (5d4a9b11b40a0da0b54406b5818d1f95)] -> id: input-sort]
2023-12-19 01:12:43 INFO  LaptopsAndNotebooksPage :46 - Select price high to low [[ChromeDriver: chrome on windows (5d4a9b11b40a0da0b54406b5818d1f95)] -> id: input-sort]
2023-12-19 01:12:906 INFO  LaptopsAndNotebooksPage :50 - Select product macbook [[ChromeDriver: chrome on windows (5d4a9b11b40a0da0b54406b5818d1f95)] -> xpath: //a[text()='MacBook']]
2023-12-19 01:12:950 INFO  MacBookPage :33 - Get text macbook [[ChromeDriver: chrome on windows (5d4a9b11b40a0da0b54406b5818d1f95)] -> xpath: //h1[text()='MacBook']]
2023-12-19 01:12:68 INFO  MacBookPage :39 - Click on add to cart button [[ChromeDriver: chrome on windows (5d4a9b11b40a0da0b54406b5818d1f95)] -> css selector: #button-cart]
2023-12-19 01:12:291 INFO  MacBookPage :43 - Get text success [[ChromeDriver: chrome on windows (5d4a9b11b40a0da0b54406b5818d1f95)] -> css selector: .alert.alert-success.alert-dismissible]
2023-12-19 01:12:650 INFO  MacBookPage :49 - Click link shopping cart [[ChromeDriver: chrome on windows (5d4a9b11b40a0da0b54406b5818d1f95)] -> css selector: .alert.alert-success.alert-dismissible a:nth-of-type(2)]
2023-12-19 01:12:683 INFO  ShoppingCartPage :105 - Get text shopping cart : [[ChromeDriver: chrome on windows (5d4a9b11b40a0da0b54406b5818d1f95)] -> css selector: #content>h1]
2023-12-19 01:12:727 INFO  ShoppingCartPage :130 - Get text MacBook [[ChromeDriver: chrome on windows (5d4a9b11b40a0da0b54406b5818d1f95)] -> css selector: body > div:nth-child(4) > div:nth-child(2) > div:nth-child(1) > form:nth-child(2) > div:nth-child(1) > table:nth-child(1) > tbody:nth-child(2) > tr:nth-child(1) > td:nth-child(2) > a:nth-child(1)]
2023-12-19 01:12:844 INFO  ShoppingCartPage :136 - Change Quantity [[ChromeDriver: chrome on windows (5d4a9b11b40a0da0b54406b5818d1f95)] -> css selector: div.input-group.btn-block>input]
2023-12-19 01:12:373 INFO  ShoppingCartPage :141 - Click on update tab [[ChromeDriver: chrome on windows (5d4a9b11b40a0da0b54406b5818d1f95)] -> css selector: .fa.fa-refresh]
2023-12-19 01:12:390 INFO  ShoppingCartPage :145 - get text message [[ChromeDriver: chrome on windows (5d4a9b11b40a0da0b54406b5818d1f95)] -> css selector: .alert.alert-success.alert-dismissible]
2023-12-19 01:12:426 INFO  ShoppingCartPage :150 - Get text total [[ChromeDriver: chrome on windows (5d4a9b11b40a0da0b54406b5818d1f95)] -> css selector: #content > div.row > div > table > tbody > tr:nth-child(4) > td:nth-child(2)]
2023-12-19 01:12:789 INFO  ShoppingCartPage :156 - Click on check out button [[ChromeDriver: chrome on windows (5d4a9b11b40a0da0b54406b5818d1f95)] -> css selector: a.btn.btn-primary]
2023-12-19 01:12:817 INFO  ShoppingCartPage :160 - Get text Check out [[ChromeDriver: chrome on windows (5d4a9b11b40a0da0b54406b5818d1f95)] -> xpath: //h1[text()='Checkout']]
2023-12-19 01:12:870 INFO  ShoppingCartPage :165 - Get text new customer [[ChromeDriver: chrome on windows (5d4a9b11b40a0da0b54406b5818d1f95)] -> xpath: //h2[text()='New Customer']]
2023-12-19 01:12:982 INFO  ShoppingCartPage :171 - Click on guest check out radio [[ChromeDriver: chrome on windows (5d4a9b11b40a0da0b54406b5818d1f95)] -> css selector: input[value='guest']]
2023-12-19 01:12:75 INFO  ShoppingCartPage :176 - Click on continue button [[ChromeDriver: chrome on windows (5d4a9b11b40a0da0b54406b5818d1f95)] -> css selector: #button-account]
2023-12-19 01:12:315 INFO  ShoppingCartPage :188 - Mandatory fields 
2023-12-19 01:12:409 INFO  ShoppingCartPage :193 - Click on continue button [[ChromeDriver: chrome on windows (5d4a9b11b40a0da0b54406b5818d1f95)] -> css selector: #button-guest]
2023-12-19 01:12:938 INFO  ShoppingCartPage :198 - Add comments about order [[ChromeDriver: chrome on windows (5d4a9b11b40a0da0b54406b5818d1f95)] -> css selector: textarea[name='comment']]
2023-12-19 01:12:106 INFO  ShoppingCartPage :203 - Click on terms and condition checkbox [[ChromeDriver: chrome on windows (5d4a9b11b40a0da0b54406b5818d1f95)] -> css selector: input[type='checkbox']]
2023-12-19 01:12:227 INFO  ShoppingCartPage :208 - Click on continue button [[ChromeDriver: chrome on windows (5d4a9b11b40a0da0b54406b5818d1f95)] -> css selector: #button-payment-method]
2023-12-19 01:12:457 INFO  ShoppingCartPage :212 - Get text warning message [[ChromeDriver: chrome on windows (5d4a9b11b40a0da0b54406b5818d1f95)] -> css selector: .alert.alert-danger.alert-dismissible]
2023-12-19 01:12:437 INFO  MyAccountsPage :82 - Click on my account link [[ChromeDriver: chrome on windows (f457b3f86e1cbf06bc46beb6c28fc30a)] -> xpath: //span[text()='My Account']]
2023-12-19 01:12:69 INFO  MyAccountsPage :90 - Select my account option 
2023-12-19 01:12:106 INFO  MyAccountsPage :97 - Get text from element [[ChromeDriver: chrome on windows (f457b3f86e1cbf06bc46beb6c28fc30a)] -> css selector: #content h1]
2023-12-19 01:12:825 INFO  MyAccountsPage :82 - Click on my account link [[ChromeDriver: chrome on windows (a4aed22faee9a434da036f822a842f84)] -> xpath: //span[text()='My Account']]
2023-12-19 01:12:230 INFO  MyAccountsPage :102 - Select my account Login 
2023-12-19 01:12:258 INFO  MyAccountsPage :105 - Get text returning customer [[ChromeDriver: chrome on windows (a4aed22faee9a434da036f822a842f84)] -> css selector: #content > div > div:nth-child(2) > div > h2]
2023-12-19 01:12:932 INFO  MyAccountsPage :82 - Click on my account link [[ChromeDriver: chrome on windows (838d6cdbc8b15bd7ab8e9826891d9b07)] -> xpath: //span[text()='My Account']]
2023-12-19 01:12:549 INFO  MyAccountsPage :90 - Select my account option 
2023-12-19 01:12:825 INFO  MyAccountsPage :118 - All the information 
2023-12-19 01:12:876 INFO  MyAccountsPage :127 - Get text account created : Proxy element for: DefaultElementLocator 'By.xpath: //h1[text()='Your Account Has Been Created!']'
2023-12-19 01:12:84 INFO  MyAccountsPage :82 - Click on my account link [[ChromeDriver: chrome on windows (c118ce59fd04d33aec830268d592fd28)] -> xpath: //span[text()='My Account']]
2023-12-19 01:12:499 INFO  MyAccountsPage :102 - Select my account Login 
2023-12-19 01:12:38 INFO  MyAccountsPage :124 - Email password information 
2023-12-19 01:12:226 INFO  MyAccountsPage :143 - Get text my account Proxy element for: DefaultElementLocator 'By.xpath: //h2[text()='My Account']'
2023-12-19 01:12:10 INFO  HomePage :29 - Hover on desktop and click [[ChromeDriver: chrome on windows (2c2e96111007d2c4acd59f1975ce3a57)] -> xpath: //a[text()='Desktops']]
2023-12-19 01:12:669 INFO  HomePage :33 - Call select menu method and click [[ChromeDriver: chrome on windows (2c2e96111007d2c4acd59f1975ce3a57)] -> xpath: //a[text()='Desktops']]
2023-12-19 01:12:702 INFO  DesktopsPage :36 - Get text from desktops [[ChromeDriver: chrome on windows (2c2e96111007d2c4acd59f1975ce3a57)] -> xpath: //h2]
2023-12-19 01:12:811 INFO  HomePage :37 - Hover on the laptops and notebooks and click [[ChromeDriver: chrome on windows (78a8b59e45acb57930b1108003f92878)] -> xpath: //a[text()='Laptops & Notebooks']]
2023-12-19 01:12:423 INFO  HomePage :33 - Call select menu method and click [[ChromeDriver: chrome on windows (78a8b59e45acb57930b1108003f92878)] -> xpath: //a[text()='Desktops']]
2023-12-19 01:12:445 INFO  LaptopsAndNotebooksPage :37 - Get text [[ChromeDriver: chrome on windows (78a8b59e45acb57930b1108003f92878)] -> css selector: #content h2]
2023-12-19 01:12:383 INFO  HomePage :41 - Hover on the components and click [[ChromeDriver: chrome on windows (02542a85671d21751622606be342d849)] -> xpath: //a[text()='Components']]
2023-12-19 01:12:23 INFO  HomePage :33 - Call select menu method and click [[ChromeDriver: chrome on windows (02542a85671d21751622606be342d849)] -> xpath: //a[text()='Desktops']]
2023-12-19 01:12:55 INFO  ComponentsPage :24 - Get text from components [[ChromeDriver: chrome on windows (02542a85671d21751622606be342d849)] -> css selector: #content h2]
2023-12-19 15:12:478 INFO  HomePage :29 - Hover on desktop and click [[ChromeDriver: chrome on windows (56dcb2b7fe56c45fe344283712afbfcc)] -> xpath: //a[text()='Desktops']]
2023-12-19 15:12:470 INFO  HomePage :33 - Call select menu method and click [[ChromeDriver: chrome on windows (56dcb2b7fe56c45fe344283712afbfcc)] -> xpath: //a[text()='Desktops']]
2023-12-19 15:12:576 INFO  DesktopsPage :84 - Click on sort by Dropdown [[ChromeDriver: chrome on windows (56dcb2b7fe56c45fe344283712afbfcc)] -> id: input-sort]
2023-12-19 15:12:18 INFO  DesktopsPage :89 - Select name Z to A from dropdown [[ChromeDriver: chrome on windows (56dcb2b7fe56c45fe344283712afbfcc)] -> id: input-sort]
2023-12-19 15:12:325 INFO  DesktopsPage :172 - Product is in Descending order [[[ChromeDriver: chrome on windows (56dcb2b7fe56c45fe344283712afbfcc)] -> xpath: //h4/a], [[ChromeDriver: chrome on windows (56dcb2b7fe56c45fe344283712afbfcc)] -> xpath: //h4/a], [[ChromeDriver: chrome on windows (56dcb2b7fe56c45fe344283712afbfcc)] -> xpath: //h4/a], [[ChromeDriver: chrome on windows (56dcb2b7fe56c45fe344283712afbfcc)] -> xpath: //h4/a], [[ChromeDriver: chrome on windows (56dcb2b7fe56c45fe344283712afbfcc)] -> xpath: //h4/a], [[ChromeDriver: chrome on windows (56dcb2b7fe56c45fe344283712afbfcc)] -> xpath: //h4/a], [[ChromeDriver: chrome on windows (56dcb2b7fe56c45fe344283712afbfcc)] -> xpath: //h4/a], [[ChromeDriver: chrome on windows (56dcb2b7fe56c45fe344283712afbfcc)] -> xpath: //h4/a], [[ChromeDriver: chrome on windows (56dcb2b7fe56c45fe344283712afbfcc)] -> xpath: //h4/a], [[ChromeDriver: chrome on windows (56dcb2b7fe56c45fe344283712afbfcc)] -> xpath: //h4/a], [[ChromeDriver: chrome on windows (56dcb2b7fe56c45fe344283712afbfcc)] -> xpath: //h4/a], [[ChromeDriver: chrome on windows (56dcb2b7fe56c45fe344283712afbfcc)] -> xpath: //h4/a]]
2023-12-19 15:12:13 INFO  DesktopsPage :186 - mouse hover on currency [[ChromeDriver: chrome on windows (b2b371d3f3633ad31817763f73805ad9)] -> xpath: //span[normalize-space()='Currency']]
2023-12-19 15:12:700 INFO  DesktopsPage :186 - mouse hover on currency [[ChromeDriver: chrome on windows (d6b656077805c2c41146cf7b9d7398a6)] -> xpath: //span[normalize-space()='Currency']]
2023-12-19 15:12:358 INFO  DesktopsPage :186 - mouse hover on currency [[ChromeDriver: chrome on windows (2d24415a12479ed7caea05177770af84)] -> xpath: //span[normalize-space()='Currency']]
2023-12-19 15:12:533 INFO  DesktopsPage :186 - mouse hover on currency [[ChromeDriver: chrome on windows (1630ea78578879e9032163070d1cb879)] -> xpath: //span[normalize-space()='Currency']]
2023-12-19 15:12:678 INFO  DesktopsPage :186 - mouse hover on currency [[ChromeDriver: chrome on windows (f1c97daa5c239dd2f17b9342de529693)] -> xpath: //span[normalize-space()='Currency']]
2023-12-19 15:12:465 INFO  DesktopsPage :186 - mouse hover on currency [[ChromeDriver: chrome on windows (4ad14524c046410e5543da7c32cfd332)] -> xpath: //span[normalize-space()='Currency']]
2023-12-19 15:12:862 INFO  HomePage :37 - Hover on the laptops and notebooks and click [[ChromeDriver: chrome on windows (6d1ffd5a3b2dfb62fd10c92532196321)] -> xpath: //a[text()='Laptops & Notebooks']]
2023-12-19 15:12:26 INFO  HomePage :33 - Call select menu method and click [[ChromeDriver: chrome on windows (6d1ffd5a3b2dfb62fd10c92532196321)] -> xpath: //a[text()='Desktops']]
2023-12-19 15:12:134 INFO  LaptopsAndNotebooksPage :42 - Click on sort by dropdown [[ChromeDriver: chrome on windows (6d1ffd5a3b2dfb62fd10c92532196321)] -> id: input-sort]
2023-12-19 15:12:930 INFO  LaptopsAndNotebooksPage :46 - Select price high to low [[ChromeDriver: chrome on windows (6d1ffd5a3b2dfb62fd10c92532196321)] -> id: input-sort]
2023-12-19 15:12:165 INFO  LaptopsAndNotebooksPage :73 - Select product macbook [2000.0, 1202.0, 1202.0, 602.0, 122.0]
2023-12-19 15:12:267 INFO  HomePage :37 - Hover on the laptops and notebooks and click [[ChromeDriver: chrome on windows (c09bbfa9dc0f3525168a24bbd685e243)] -> xpath: //a[text()='Laptops & Notebooks']]
2023-12-19 15:12:896 INFO  HomePage :33 - Call select menu method and click [[ChromeDriver: chrome on windows (c09bbfa9dc0f3525168a24bbd685e243)] -> xpath: //a[text()='Desktops']]
2023-12-19 15:12:14 INFO  LaptopsAndNotebooksPage :42 - Click on sort by dropdown [[ChromeDriver: chrome on windows (c09bbfa9dc0f3525168a24bbd685e243)] -> id: input-sort]
2023-12-19 15:12:431 INFO  LaptopsAndNotebooksPage :46 - Select price high to low [[ChromeDriver: chrome on windows (c09bbfa9dc0f3525168a24bbd685e243)] -> id: input-sort]
2023-12-19 15:12:301 INFO  LaptopsAndNotebooksPage :50 - Select product macbook [[ChromeDriver: chrome on windows (c09bbfa9dc0f3525168a24bbd685e243)] -> xpath: //a[text()='MacBook']]
2023-12-19 15:12:348 INFO  MacBookPage :33 - Get text macbook [[ChromeDriver: chrome on windows (c09bbfa9dc0f3525168a24bbd685e243)] -> xpath: //h1[text()='MacBook']]
2023-12-19 15:12:438 INFO  MacBookPage :39 - Click on add to cart button [[ChromeDriver: chrome on windows (c09bbfa9dc0f3525168a24bbd685e243)] -> css selector: #button-cart]
2023-12-19 15:12:979 INFO  MacBookPage :43 - Get text success [[ChromeDriver: chrome on windows (c09bbfa9dc0f3525168a24bbd685e243)] -> css selector: .alert.alert-success.alert-dismissible]
2023-12-19 15:12:368 INFO  MacBookPage :49 - Click link shopping cart [[ChromeDriver: chrome on windows (c09bbfa9dc0f3525168a24bbd685e243)] -> css selector: .alert.alert-success.alert-dismissible a:nth-of-type(2)]
2023-12-19 15:12:405 INFO  ShoppingCartPage :105 - Get text shopping cart : [[ChromeDriver: chrome on windows (c09bbfa9dc0f3525168a24bbd685e243)] -> css selector: #content>h1]
2023-12-19 15:12:436 INFO  ShoppingCartPage :130 - Get text MacBook [[ChromeDriver: chrome on windows (c09bbfa9dc0f3525168a24bbd685e243)] -> css selector: body > div:nth-child(4) > div:nth-child(2) > div:nth-child(1) > form:nth-child(2) > div:nth-child(1) > table:nth-child(1) > tbody:nth-child(2) > tr:nth-child(1) > td:nth-child(2) > a:nth-child(1)]
2023-12-19 15:12:535 INFO  ShoppingCartPage :136 - Change Quantity [[ChromeDriver: chrome on windows (c09bbfa9dc0f3525168a24bbd685e243)] -> css selector: div.input-group.btn-block>input]
2023-12-19 15:12:107 INFO  ShoppingCartPage :141 - Click on update tab [[ChromeDriver: chrome on windows (c09bbfa9dc0f3525168a24bbd685e243)] -> css selector: .fa.fa-refresh]
2023-12-19 15:12:127 INFO  ShoppingCartPage :145 - get text message [[ChromeDriver: chrome on windows (c09bbfa9dc0f3525168a24bbd685e243)] -> css selector: .alert.alert-success.alert-dismissible]
2023-12-19 15:12:160 INFO  ShoppingCartPage :150 - Get text total [[ChromeDriver: chrome on windows (c09bbfa9dc0f3525168a24bbd685e243)] -> css selector: #content > div.row > div > table > tbody > tr:nth-child(4) > td:nth-child(2)]
2023-12-19 15:12:511 INFO  ShoppingCartPage :156 - Click on check out button [[ChromeDriver: chrome on windows (c09bbfa9dc0f3525168a24bbd685e243)] -> css selector: a.btn.btn-primary]
2023-12-19 15:12:535 INFO  ShoppingCartPage :160 - Get text Check out [[ChromeDriver: chrome on windows (c09bbfa9dc0f3525168a24bbd685e243)] -> xpath: //h1[text()='Checkout']]
2023-12-19 15:12:589 INFO  ShoppingCartPage :165 - Get text new customer [[ChromeDriver: chrome on windows (c09bbfa9dc0f3525168a24bbd685e243)] -> xpath: //h2[text()='New Customer']]
2023-12-19 15:12:671 INFO  ShoppingCartPage :171 - Click on guest check out radio [[ChromeDriver: chrome on windows (c09bbfa9dc0f3525168a24bbd685e243)] -> css selector: input[value='guest']]
2023-12-19 15:12:723 INFO  ShoppingCartPage :176 - Click on continue button [[ChromeDriver: chrome on windows (c09bbfa9dc0f3525168a24bbd685e243)] -> css selector: #button-account]
2023-12-19 15:12:954 INFO  ShoppingCartPage :188 - Mandatory fields 
2023-12-19 15:12:14 INFO  ShoppingCartPage :193 - Click on continue button [[ChromeDriver: chrome on windows (c09bbfa9dc0f3525168a24bbd685e243)] -> css selector: #button-guest]
2023-12-19 15:12:557 INFO  ShoppingCartPage :198 - Add comments about order [[ChromeDriver: chrome on windows (c09bbfa9dc0f3525168a24bbd685e243)] -> css selector: textarea[name='comment']]
2023-12-19 15:12:707 INFO  ShoppingCartPage :203 - Click on terms and condition checkbox [[ChromeDriver: chrome on windows (c09bbfa9dc0f3525168a24bbd685e243)] -> css selector: input[type='checkbox']]
2023-12-19 15:12:833 INFO  ShoppingCartPage :208 - Click on continue button [[ChromeDriver: chrome on windows (c09bbfa9dc0f3525168a24bbd685e243)] -> css selector: #button-payment-method]
2023-12-19 15:12:41 INFO  ShoppingCartPage :212 - Get text warning message [[ChromeDriver: chrome on windows (c09bbfa9dc0f3525168a24bbd685e243)] -> css selector: .alert.alert-danger.alert-dismissible]
2023-12-19 15:12:896 INFO  MyAccountsPage :82 - Click on my account link [[ChromeDriver: chrome on windows (148324643253dcfc68f876119660a02c)] -> xpath: //span[text()='My Account']]
2023-12-19 15:12:764 INFO  MyAccountsPage :90 - Select my account option 
2023-12-19 15:12:787 INFO  MyAccountsPage :97 - Get text from element [[ChromeDriver: chrome on windows (148324643253dcfc68f876119660a02c)] -> css selector: #content h1]
2023-12-19 15:12:842 INFO  MyAccountsPage :82 - Click on my account link [[ChromeDriver: chrome on windows (f1cd5ec852a052802dae556a254ff481)] -> xpath: //span[text()='My Account']]
2023-12-19 15:12:224 INFO  MyAccountsPage :102 - Select my account Login 
2023-12-19 15:12:250 INFO  MyAccountsPage :105 - Get text returning customer [[ChromeDriver: chrome on windows (f1cd5ec852a052802dae556a254ff481)] -> css selector: #content > div > div:nth-child(2) > div > h2]
2023-12-19 15:12:464 INFO  MyAccountsPage :82 - Click on my account link [[ChromeDriver: chrome on windows (fe52ef4cae83f5c3f138d7778ae9337d)] -> xpath: //span[text()='My Account']]
2023-12-19 15:12:91 INFO  MyAccountsPage :90 - Select my account option 
2023-12-19 15:12:116 INFO  MyAccountsPage :118 - All the information 
2023-12-19 15:12:195 INFO  MyAccountsPage :127 - Get text account created : Proxy element for: DefaultElementLocator 'By.xpath: //h1[text()='Your Account Has Been Created!']'
2023-12-19 15:12:01 INFO  MyAccountsPage :82 - Click on my account link [[ChromeDriver: chrome on windows (b83336b0461c0be5446ed08206346c4a)] -> xpath: //span[text()='My Account']]
2023-12-19 15:12:424 INFO  MyAccountsPage :102 - Select my account Login 
2023-12-19 15:12:56 INFO  MyAccountsPage :124 - Email password information 
2023-12-19 15:12:121 INFO  MyAccountsPage :143 - Get text my account Proxy element for: DefaultElementLocator 'By.xpath: //h2[text()='My Account']'
2023-12-19 15:12:751 INFO  HomePage :29 - Hover on desktop and click [[ChromeDriver: chrome on windows (3ff59993e054890181a986318d7dd3c2)] -> xpath: //a[text()='Desktops']]
2023-12-19 15:12:209 INFO  HomePage :33 - Call select menu method and click [[ChromeDriver: chrome on windows (3ff59993e054890181a986318d7dd3c2)] -> xpath: //a[text()='Desktops']]
2023-12-19 15:12:232 INFO  DesktopsPage :78 - Get text from desktops [[ChromeDriver: chrome on windows (3ff59993e054890181a986318d7dd3c2)] -> xpath: //h2]
2023-12-19 15:12:880 INFO  HomePage :37 - Hover on the laptops and notebooks and click [[ChromeDriver: chrome on windows (7959f98fb6f650be5b7b1f463cf062c7)] -> xpath: //a[text()='Laptops & Notebooks']]
2023-12-19 15:12:07 INFO  HomePage :33 - Call select menu method and click [[ChromeDriver: chrome on windows (7959f98fb6f650be5b7b1f463cf062c7)] -> xpath: //a[text()='Desktops']]
2023-12-19 15:12:28 INFO  LaptopsAndNotebooksPage :37 - Get text [[ChromeDriver: chrome on windows (7959f98fb6f650be5b7b1f463cf062c7)] -> css selector: #content h2]
2023-12-19 15:12:321 INFO  HomePage :41 - Hover on the components and click [[ChromeDriver: chrome on windows (0caebe7e8643f18a097497afcb8c7810)] -> xpath: //a[text()='Components']]
2023-12-19 15:12:101 INFO  HomePage :33 - Call select menu method and click [[ChromeDriver: chrome on windows (0caebe7e8643f18a097497afcb8c7810)] -> xpath: //a[text()='Desktops']]
2023-12-19 15:12:132 INFO  ComponentsPage :24 - Get text from components [[ChromeDriver: chrome on windows (0caebe7e8643f18a097497afcb8c7810)] -> css selector: #content h2]
2023-12-19 15:12:479 INFO  HomePage :29 - Hover on desktop and click [[ChromeDriver: chrome on windows (23d90d72a5980bdb35507304d56cbd36)] -> xpath: //a[text()='Desktops']]
2023-12-19 15:12:134 INFO  HomePage :33 - Call select menu method and click [[ChromeDriver: chrome on windows (23d90d72a5980bdb35507304d56cbd36)] -> xpath: //a[text()='Desktops']]
2023-12-19 15:12:258 INFO  DesktopsPage :84 - Click on sort by Dropdown [[ChromeDriver: chrome on windows (23d90d72a5980bdb35507304d56cbd36)] -> id: input-sort]
2023-12-19 15:12:710 INFO  DesktopsPage :89 - Select name Z to A from dropdown [[ChromeDriver: chrome on windows (23d90d72a5980bdb35507304d56cbd36)] -> id: input-sort]
2023-12-19 15:12:97 INFO  DesktopsPage :172 - Product is in Descending order [[[ChromeDriver: chrome on windows (23d90d72a5980bdb35507304d56cbd36)] -> xpath: //h4/a], [[ChromeDriver: chrome on windows (23d90d72a5980bdb35507304d56cbd36)] -> xpath: //h4/a], [[ChromeDriver: chrome on windows (23d90d72a5980bdb35507304d56cbd36)] -> xpath: //h4/a], [[ChromeDriver: chrome on windows (23d90d72a5980bdb35507304d56cbd36)] -> xpath: //h4/a], [[ChromeDriver: chrome on windows (23d90d72a5980bdb35507304d56cbd36)] -> xpath: //h4/a], [[ChromeDriver: chrome on windows (23d90d72a5980bdb35507304d56cbd36)] -> xpath: //h4/a], [[ChromeDriver: chrome on windows (23d90d72a5980bdb35507304d56cbd36)] -> xpath: //h4/a], [[ChromeDriver: chrome on windows (23d90d72a5980bdb35507304d56cbd36)] -> xpath: //h4/a], [[ChromeDriver: chrome on windows (23d90d72a5980bdb35507304d56cbd36)] -> xpath: //h4/a], [[ChromeDriver: chrome on windows (23d90d72a5980bdb35507304d56cbd36)] -> xpath: //h4/a], [[ChromeDriver: chrome on windows (23d90d72a5980bdb35507304d56cbd36)] -> xpath: //h4/a], [[ChromeDriver: chrome on windows (23d90d72a5980bdb35507304d56cbd36)] -> xpath: //h4/a]]
2023-12-19 15:12:42 INFO  HomePage :37 - Hover on the laptops and notebooks and click [[ChromeDriver: chrome on windows (58b2ae0fc3b38f76056c681914139f7f)] -> xpath: //a[text()='Laptops & Notebooks']]
2023-12-19 15:12:01 INFO  HomePage :33 - Call select menu method and click [[ChromeDriver: chrome on windows (58b2ae0fc3b38f76056c681914139f7f)] -> xpath: //a[text()='Desktops']]
2023-12-19 15:12:117 INFO  LaptopsAndNotebooksPage :42 - Click on sort by dropdown [[ChromeDriver: chrome on windows (58b2ae0fc3b38f76056c681914139f7f)] -> id: input-sort]
2023-12-19 15:12:619 INFO  LaptopsAndNotebooksPage :46 - Select price high to low [[ChromeDriver: chrome on windows (58b2ae0fc3b38f76056c681914139f7f)] -> id: input-sort]
2023-12-19 15:12:921 INFO  LaptopsAndNotebooksPage :73 - Select product macbook [2000.0, 1202.0, 1202.0, 602.0, 122.0]
2023-12-19 15:12:117 INFO  HomePage :37 - Hover on the laptops and notebooks and click [[ChromeDriver: chrome on windows (ff722965f669ec8ac4612a8185bbaa7a)] -> xpath: //a[text()='Laptops & Notebooks']]
2023-12-19 15:12:402 INFO  HomePage :33 - Call select menu method and click [[ChromeDriver: chrome on windows (ff722965f669ec8ac4612a8185bbaa7a)] -> xpath: //a[text()='Desktops']]
2023-12-19 15:12:514 INFO  LaptopsAndNotebooksPage :42 - Click on sort by dropdown [[ChromeDriver: chrome on windows (ff722965f669ec8ac4612a8185bbaa7a)] -> id: input-sort]
2023-12-19 15:12:999 INFO  LaptopsAndNotebooksPage :46 - Select price high to low [[ChromeDriver: chrome on windows (ff722965f669ec8ac4612a8185bbaa7a)] -> id: input-sort]
2023-12-19 15:12:576 INFO  LaptopsAndNotebooksPage :50 - Select product macbook [[ChromeDriver: chrome on windows (ff722965f669ec8ac4612a8185bbaa7a)] -> xpath: //a[text()='MacBook']]
2023-12-19 15:12:603 INFO  MacBookPage :33 - Get text macbook [[ChromeDriver: chrome on windows (ff722965f669ec8ac4612a8185bbaa7a)] -> xpath: //h1[text()='MacBook']]
2023-12-19 15:12:690 INFO  MacBookPage :39 - Click on add to cart button [[ChromeDriver: chrome on windows (ff722965f669ec8ac4612a8185bbaa7a)] -> css selector: #button-cart]
2023-12-19 15:12:914 INFO  MacBookPage :43 - Get text success [[ChromeDriver: chrome on windows (ff722965f669ec8ac4612a8185bbaa7a)] -> css selector: .alert.alert-success.alert-dismissible]
2023-12-19 15:12:333 INFO  MacBookPage :49 - Click link shopping cart [[ChromeDriver: chrome on windows (ff722965f669ec8ac4612a8185bbaa7a)] -> css selector: .alert.alert-success.alert-dismissible a:nth-of-type(2)]
2023-12-19 15:12:361 INFO  ShoppingCartPage :105 - Get text shopping cart : [[ChromeDriver: chrome on windows (ff722965f669ec8ac4612a8185bbaa7a)] -> css selector: #content>h1]
2023-12-19 15:12:393 INFO  ShoppingCartPage :130 - Get text MacBook [[ChromeDriver: chrome on windows (ff722965f669ec8ac4612a8185bbaa7a)] -> css selector: body > div:nth-child(4) > div:nth-child(2) > div:nth-child(1) > form:nth-child(2) > div:nth-child(1) > table:nth-child(1) > tbody:nth-child(2) > tr:nth-child(1) > td:nth-child(2) > a:nth-child(1)]
2023-12-19 15:12:543 INFO  ShoppingCartPage :136 - Change Quantity [[ChromeDriver: chrome on windows (ff722965f669ec8ac4612a8185bbaa7a)] -> css selector: div.input-group.btn-block>input]
2023-12-19 15:12:174 INFO  ShoppingCartPage :141 - Click on update tab [[ChromeDriver: chrome on windows (ff722965f669ec8ac4612a8185bbaa7a)] -> css selector: .fa.fa-refresh]
2023-12-19 15:12:194 INFO  ShoppingCartPage :145 - get text message [[ChromeDriver: chrome on windows (ff722965f669ec8ac4612a8185bbaa7a)] -> css selector: .alert.alert-success.alert-dismissible]
2023-12-19 15:12:238 INFO  ShoppingCartPage :150 - Get text total [[ChromeDriver: chrome on windows (ff722965f669ec8ac4612a8185bbaa7a)] -> css selector: #content > div.row > div > table > tbody > tr:nth-child(4) > td:nth-child(2)]
2023-12-19 15:12:657 INFO  ShoppingCartPage :156 - Click on check out button [[ChromeDriver: chrome on windows (ff722965f669ec8ac4612a8185bbaa7a)] -> css selector: a.btn.btn-primary]
2023-12-19 15:12:679 INFO  ShoppingCartPage :160 - Get text Check out [[ChromeDriver: chrome on windows (ff722965f669ec8ac4612a8185bbaa7a)] -> xpath: //h1[text()='Checkout']]
2023-12-19 15:12:738 INFO  ShoppingCartPage :165 - Get text new customer [[ChromeDriver: chrome on windows (ff722965f669ec8ac4612a8185bbaa7a)] -> xpath: //h2[text()='New Customer']]
2023-12-19 15:12:860 INFO  ShoppingCartPage :171 - Click on guest check out radio [[ChromeDriver: chrome on windows (ff722965f669ec8ac4612a8185bbaa7a)] -> css selector: input[value='guest']]
2023-12-19 15:12:935 INFO  ShoppingCartPage :176 - Click on continue button [[ChromeDriver: chrome on windows (ff722965f669ec8ac4612a8185bbaa7a)] -> css selector: #button-account]
2023-12-19 15:12:384 INFO  ShoppingCartPage :188 - Mandatory fields 
2023-12-19 15:12:469 INFO  ShoppingCartPage :193 - Click on continue button [[ChromeDriver: chrome on windows (ff722965f669ec8ac4612a8185bbaa7a)] -> css selector: #button-guest]
2023-12-19 15:12:22 INFO  ShoppingCartPage :198 - Add comments about order [[ChromeDriver: chrome on windows (ff722965f669ec8ac4612a8185bbaa7a)] -> css selector: textarea[name='comment']]
2023-12-19 15:12:72 INFO  ShoppingCartPage :203 - Click on terms and condition checkbox [[ChromeDriver: chrome on windows (ff722965f669ec8ac4612a8185bbaa7a)] -> css selector: input[type='checkbox']]
2023-12-19 15:12:179 INFO  ShoppingCartPage :208 - Click on continue button [[ChromeDriver: chrome on windows (ff722965f669ec8ac4612a8185bbaa7a)] -> css selector: #button-payment-method]
2023-12-19 15:12:376 INFO  ShoppingCartPage :212 - Get text warning message [[ChromeDriver: chrome on windows (ff722965f669ec8ac4612a8185bbaa7a)] -> css selector: .alert.alert-danger.alert-dismissible]
2023-12-19 15:12:555 INFO  MyAccountsPage :82 - Click on my account link [[ChromeDriver: chrome on windows (650b0450fcf92a28220c2cd75bbc10b8)] -> xpath: //span[text()='My Account']]
2023-12-19 15:12:723 INFO  MyAccountsPage :90 - Select my account option 
2023-12-19 15:12:746 INFO  MyAccountsPage :97 - Get text from element [[ChromeDriver: chrome on windows (650b0450fcf92a28220c2cd75bbc10b8)] -> css selector: #content h1]
2023-12-19 15:12:921 INFO  MyAccountsPage :82 - Click on my account link [[ChromeDriver: chrome on windows (89e30b4951e838ef5a6455c700e3e048)] -> xpath: //span[text()='My Account']]
2023-12-19 15:12:357 INFO  MyAccountsPage :102 - Select my account Login 
2023-12-19 15:12:385 INFO  MyAccountsPage :105 - Get text returning customer [[ChromeDriver: chrome on windows (89e30b4951e838ef5a6455c700e3e048)] -> css selector: #content > div > div:nth-child(2) > div > h2]
2023-12-19 15:12:809 INFO  MyAccountsPage :82 - Click on my account link [[ChromeDriver: chrome on windows (7463ab14e6775e98d1dafd461c006b5e)] -> xpath: //span[text()='My Account']]
2023-12-19 15:12:115 INFO  MyAccountsPage :90 - Select my account option 
2023-12-19 15:12:426 INFO  MyAccountsPage :118 - All the information 
2023-12-19 15:12:456 INFO  MyAccountsPage :127 - Get text account created : Proxy element for: DefaultElementLocator 'By.xpath: //h1[text()='Your Account Has Been Created!']'
2023-12-19 15:12:524 INFO  MyAccountsPage :82 - Click on my account link [[ChromeDriver: chrome on windows (d88723ddf36aa2d6e975b120656c1466)] -> xpath: //span[text()='My Account']]
2023-12-19 15:12:966 INFO  MyAccountsPage :102 - Select my account Login 
2023-12-19 15:12:629 INFO  MyAccountsPage :124 - Email password information 
2023-12-19 15:12:707 INFO  MyAccountsPage :143 - Get text my account Proxy element for: DefaultElementLocator 'By.xpath: //h2[text()='My Account']'
2023-12-19 15:12:920 INFO  HomePage :29 - Hover on desktop and click [[ChromeDriver: chrome on windows (4acc6573dbbc82426a4c2168f7c61e47)] -> xpath: //a[text()='Desktops']]
2023-12-19 15:12:782 INFO  HomePage :33 - Call select menu method and click [[ChromeDriver: chrome on windows (4acc6573dbbc82426a4c2168f7c61e47)] -> xpath: //a[text()='Desktops']]
2023-12-19 15:12:807 INFO  DesktopsPage :78 - Get text from desktops [[ChromeDriver: chrome on windows (4acc6573dbbc82426a4c2168f7c61e47)] -> xpath: //h2]
2023-12-19 15:12:563 INFO  HomePage :37 - Hover on the laptops and notebooks and click [[ChromeDriver: chrome on windows (c85d4a7157769793642c35e49597cff5)] -> xpath: //a[text()='Laptops & Notebooks']]
2023-12-19 15:12:775 INFO  HomePage :33 - Call select menu method and click [[ChromeDriver: chrome on windows (c85d4a7157769793642c35e49597cff5)] -> xpath: //a[text()='Desktops']]
2023-12-19 15:12:794 INFO  LaptopsAndNotebooksPage :37 - Get text [[ChromeDriver: chrome on windows (c85d4a7157769793642c35e49597cff5)] -> css selector: #content h2]
2023-12-19 15:12:150 INFO  HomePage :41 - Hover on the components and click [[ChromeDriver: chrome on windows (66f3b22f6a2c5ffbf27ada3349f4feee)] -> xpath: //a[text()='Components']]
2023-12-19 15:12:823 INFO  HomePage :33 - Call select menu method and click [[ChromeDriver: chrome on windows (66f3b22f6a2c5ffbf27ada3349f4feee)] -> xpath: //a[text()='Desktops']]
2023-12-19 15:12:850 INFO  ComponentsPage :24 - Get text from components [[ChromeDriver: chrome on windows (66f3b22f6a2c5ffbf27ada3349f4feee)] -> css selector: #content h2]
2023-12-19 15:12:104 INFO  HomePage :29 - Hover on desktop and click [[ChromeDriver: chrome on windows (4e96427457bd439d796927c3fdbb882b)] -> xpath: //a[text()='Desktops']]
2023-12-19 15:12:543 INFO  HomePage :33 - Call select menu method and click [[ChromeDriver: chrome on windows (4e96427457bd439d796927c3fdbb882b)] -> xpath: //a[text()='Desktops']]
2023-12-19 15:12:690 INFO  DesktopsPage :84 - Click on sort by Dropdown [[ChromeDriver: chrome on windows (4e96427457bd439d796927c3fdbb882b)] -> id: input-sort]
2023-12-19 15:12:181 INFO  DesktopsPage :89 - Select name Z to A from dropdown [[ChromeDriver: chrome on windows (4e96427457bd439d796927c3fdbb882b)] -> id: input-sort]
2023-12-19 15:12:647 INFO  DesktopsPage :172 - Product is in Descending order [[[ChromeDriver: chrome on windows (4e96427457bd439d796927c3fdbb882b)] -> xpath: //h4/a], [[ChromeDriver: chrome on windows (4e96427457bd439d796927c3fdbb882b)] -> xpath: //h4/a], [[ChromeDriver: chrome on windows (4e96427457bd439d796927c3fdbb882b)] -> xpath: //h4/a], [[ChromeDriver: chrome on windows (4e96427457bd439d796927c3fdbb882b)] -> xpath: //h4/a], [[ChromeDriver: chrome on windows (4e96427457bd439d796927c3fdbb882b)] -> xpath: //h4/a], [[ChromeDriver: chrome on windows (4e96427457bd439d796927c3fdbb882b)] -> xpath: //h4/a], [[ChromeDriver: chrome on windows (4e96427457bd439d796927c3fdbb882b)] -> xpath: //h4/a], [[ChromeDriver: chrome on windows (4e96427457bd439d796927c3fdbb882b)] -> xpath: //h4/a], [[ChromeDriver: chrome on windows (4e96427457bd439d796927c3fdbb882b)] -> xpath: //h4/a], [[ChromeDriver: chrome on windows (4e96427457bd439d796927c3fdbb882b)] -> xpath: //h4/a], [[ChromeDriver: chrome on windows (4e96427457bd439d796927c3fdbb882b)] -> xpath: //h4/a], [[ChromeDriver: chrome on windows (4e96427457bd439d796927c3fdbb882b)] -> xpath: //h4/a]]
2023-12-19 15:12:789 INFO  HomePage :29 - Hover on desktop and click [[ChromeDriver: chrome on windows (c279f56e6a96d82d44a844a27aa447d3)] -> xpath: //a[text()='Desktops']]
2023-12-19 15:12:168 INFO  HomePage :33 - Call select menu method and click [[ChromeDriver: chrome on windows (c279f56e6a96d82d44a844a27aa447d3)] -> xpath: //a[text()='Desktops']]
2023-12-19 15:12:310 INFO  DesktopsPage :84 - Click on sort by Dropdown [[ChromeDriver: chrome on windows (c279f56e6a96d82d44a844a27aa447d3)] -> id: input-sort]
2023-12-19 15:12:833 INFO  DesktopsPage :89 - Select name Z to A from dropdown [[ChromeDriver: chrome on windows (c279f56e6a96d82d44a844a27aa447d3)] -> id: input-sort]
2023-12-19 15:12:363 INFO  DesktopsPage :172 - Product is in Descending order [[[ChromeDriver: chrome on windows (c279f56e6a96d82d44a844a27aa447d3)] -> xpath: //h4/a], [[ChromeDriver: chrome on windows (c279f56e6a96d82d44a844a27aa447d3)] -> xpath: //h4/a], [[ChromeDriver: chrome on windows (c279f56e6a96d82d44a844a27aa447d3)] -> xpath: //h4/a], [[ChromeDriver: chrome on windows (c279f56e6a96d82d44a844a27aa447d3)] -> xpath: //h4/a], [[ChromeDriver: chrome on windows (c279f56e6a96d82d44a844a27aa447d3)] -> xpath: //h4/a], [[ChromeDriver: chrome on windows (c279f56e6a96d82d44a844a27aa447d3)] -> xpath: //h4/a], [[ChromeDriver: chrome on windows (c279f56e6a96d82d44a844a27aa447d3)] -> xpath: //h4/a], [[ChromeDriver: chrome on windows (c279f56e6a96d82d44a844a27aa447d3)] -> xpath: //h4/a], [[ChromeDriver: chrome on windows (c279f56e6a96d82d44a844a27aa447d3)] -> xpath: //h4/a], [[ChromeDriver: chrome on windows (c279f56e6a96d82d44a844a27aa447d3)] -> xpath: //h4/a], [[ChromeDriver: chrome on windows (c279f56e6a96d82d44a844a27aa447d3)] -> xpath: //h4/a], [[ChromeDriver: chrome on windows (c279f56e6a96d82d44a844a27aa447d3)] -> xpath: //h4/a]]
2023-12-19 15:12:484 INFO  HomePage :37 - Hover on the laptops and notebooks and click [[ChromeDriver: chrome on windows (6920cf6b6487e2ffba7dc8a8a11329fe)] -> xpath: //a[text()='Laptops & Notebooks']]
2023-12-19 15:12:474 INFO  HomePage :33 - Call select menu method and click [[ChromeDriver: chrome on windows (6920cf6b6487e2ffba7dc8a8a11329fe)] -> xpath: //a[text()='Desktops']]
2023-12-19 15:12:601 INFO  LaptopsAndNotebooksPage :42 - Click on sort by dropdown [[ChromeDriver: chrome on windows (6920cf6b6487e2ffba7dc8a8a11329fe)] -> id: input-sort]
2023-12-19 15:12:92 INFO  LaptopsAndNotebooksPage :46 - Select price high to low [[ChromeDriver: chrome on windows (6920cf6b6487e2ffba7dc8a8a11329fe)] -> id: input-sort]
2023-12-19 15:12:410 INFO  LaptopsAndNotebooksPage :73 - Select product macbook [2000.0, 1202.0, 1202.0, 602.0, 122.0]
2023-12-19 15:12:193 INFO  HomePage :37 - Hover on the laptops and notebooks and click [[ChromeDriver: chrome on windows (123c8d5b6b86e00632324e01c3fa40a1)] -> xpath: //a[text()='Laptops & Notebooks']]
2023-12-19 15:12:33 INFO  HomePage :33 - Call select menu method and click [[ChromeDriver: chrome on windows (123c8d5b6b86e00632324e01c3fa40a1)] -> xpath: //a[text()='Desktops']]
2023-12-19 15:12:155 INFO  LaptopsAndNotebooksPage :42 - Click on sort by dropdown [[ChromeDriver: chrome on windows (123c8d5b6b86e00632324e01c3fa40a1)] -> id: input-sort]
2023-12-19 15:12:634 INFO  LaptopsAndNotebooksPage :46 - Select price high to low [[ChromeDriver: chrome on windows (123c8d5b6b86e00632324e01c3fa40a1)] -> id: input-sort]
2023-12-19 15:12:879 INFO  LaptopsAndNotebooksPage :50 - Select product macbook [[ChromeDriver: chrome on windows (123c8d5b6b86e00632324e01c3fa40a1)] -> xpath: //a[text()='MacBook']]
2023-12-19 15:12:906 INFO  MacBookPage :33 - Get text macbook [[ChromeDriver: chrome on windows (123c8d5b6b86e00632324e01c3fa40a1)] -> xpath: //h1[text()='MacBook']]
2023-12-19 15:12:19 INFO  MacBookPage :39 - Click on add to cart button [[ChromeDriver: chrome on windows (123c8d5b6b86e00632324e01c3fa40a1)] -> css selector: #button-cart]
2023-12-19 15:12:241 INFO  MacBookPage :43 - Get text success [[ChromeDriver: chrome on windows (123c8d5b6b86e00632324e01c3fa40a1)] -> css selector: .alert.alert-success.alert-dismissible]
2023-12-19 15:12:647 INFO  MacBookPage :49 - Click link shopping cart [[ChromeDriver: chrome on windows (123c8d5b6b86e00632324e01c3fa40a1)] -> css selector: .alert.alert-success.alert-dismissible a:nth-of-type(2)]
2023-12-19 15:12:674 INFO  ShoppingCartPage :105 - Get text shopping cart : [[ChromeDriver: chrome on windows (123c8d5b6b86e00632324e01c3fa40a1)] -> css selector: #content>h1]
2023-12-19 15:12:706 INFO  ShoppingCartPage :130 - Get text MacBook [[ChromeDriver: chrome on windows (123c8d5b6b86e00632324e01c3fa40a1)] -> css selector: body > div:nth-child(4) > div:nth-child(2) > div:nth-child(1) > form:nth-child(2) > div:nth-child(1) > table:nth-child(1) > tbody:nth-child(2) > tr:nth-child(1) > td:nth-child(2) > a:nth-child(1)]
2023-12-19 15:12:846 INFO  ShoppingCartPage :136 - Change Quantity [[ChromeDriver: chrome on windows (123c8d5b6b86e00632324e01c3fa40a1)] -> css selector: div.input-group.btn-block>input]
2023-12-19 15:12:419 INFO  ShoppingCartPage :141 - Click on update tab [[ChromeDriver: chrome on windows (123c8d5b6b86e00632324e01c3fa40a1)] -> css selector: .fa.fa-refresh]
2023-12-19 15:12:440 INFO  ShoppingCartPage :145 - get text message [[ChromeDriver: chrome on windows (123c8d5b6b86e00632324e01c3fa40a1)] -> css selector: .alert.alert-success.alert-dismissible]
2023-12-19 15:12:476 INFO  ShoppingCartPage :150 - Get text total [[ChromeDriver: chrome on windows (123c8d5b6b86e00632324e01c3fa40a1)] -> css selector: #content > div.row > div > table > tbody > tr:nth-child(4) > td:nth-child(2)]
2023-12-19 15:12:50 INFO  ShoppingCartPage :156 - Click on check out button [[ChromeDriver: chrome on windows (123c8d5b6b86e00632324e01c3fa40a1)] -> css selector: a.btn.btn-primary]
2023-12-19 15:12:78 INFO  ShoppingCartPage :160 - Get text Check out [[ChromeDriver: chrome on windows (123c8d5b6b86e00632324e01c3fa40a1)] -> xpath: //h1[text()='Checkout']]
2023-12-19 15:12:123 INFO  ShoppingCartPage :165 - Get text new customer [[ChromeDriver: chrome on windows (123c8d5b6b86e00632324e01c3fa40a1)] -> xpath: //h2[text()='New Customer']]
2023-12-19 15:12:235 INFO  ShoppingCartPage :171 - Click on guest check out radio [[ChromeDriver: chrome on windows (123c8d5b6b86e00632324e01c3fa40a1)] -> css selector: input[value='guest']]
2023-12-19 15:12:326 INFO  ShoppingCartPage :176 - Click on continue button [[ChromeDriver: chrome on windows (123c8d5b6b86e00632324e01c3fa40a1)] -> css selector: #button-account]
2023-12-19 15:12:798 INFO  ShoppingCartPage :188 - Mandatory fields 
2023-12-19 15:12:899 INFO  ShoppingCartPage :193 - Click on continue button [[ChromeDriver: chrome on windows (123c8d5b6b86e00632324e01c3fa40a1)] -> css selector: #button-guest]
2023-12-19 15:12:554 INFO  ShoppingCartPage :198 - Add comments about order [[ChromeDriver: chrome on windows (123c8d5b6b86e00632324e01c3fa40a1)] -> css selector: textarea[name='comment']]
2023-12-19 15:12:627 INFO  ShoppingCartPage :203 - Click on terms and condition checkbox [[ChromeDriver: chrome on windows (123c8d5b6b86e00632324e01c3fa40a1)] -> css selector: input[type='checkbox']]
2023-12-19 15:12:717 INFO  ShoppingCartPage :208 - Click on continue button [[ChromeDriver: chrome on windows (123c8d5b6b86e00632324e01c3fa40a1)] -> css selector: #button-payment-method]
2023-12-19 15:12:935 INFO  ShoppingCartPage :212 - Get text warning message [[ChromeDriver: chrome on windows (123c8d5b6b86e00632324e01c3fa40a1)] -> css selector: .alert.alert-danger.alert-dismissible]
2023-12-19 15:12:269 INFO  MyAccountsPage :82 - Click on my account link [[ChromeDriver: chrome on windows (2819ad62d6ee3b20fef17e08de98fd68)] -> xpath: //span[text()='My Account']]
2023-12-19 15:12:46 INFO  MyAccountsPage :90 - Select my account option 
2023-12-19 15:12:73 INFO  MyAccountsPage :97 - Get text from element [[ChromeDriver: chrome on windows (2819ad62d6ee3b20fef17e08de98fd68)] -> css selector: #content h1]
2023-12-19 15:12:871 INFO  MyAccountsPage :82 - Click on my account link [[ChromeDriver: chrome on windows (7d36bc3d4766316170c9533044307ee1)] -> xpath: //span[text()='My Account']]
2023-12-19 15:12:270 INFO  MyAccountsPage :102 - Select my account Login 
2023-12-19 15:12:287 INFO  MyAccountsPage :105 - Get text returning customer [[ChromeDriver: chrome on windows (7d36bc3d4766316170c9533044307ee1)] -> css selector: #content > div > div:nth-child(2) > div > h2]
2023-12-19 15:12:523 INFO  MyAccountsPage :82 - Click on my account link [[ChromeDriver: chrome on windows (0d6e6d148c12d98d18fdd1322c015e23)] -> xpath: //span[text()='My Account']]
2023-12-19 15:12:439 INFO  MyAccountsPage :90 - Select my account option 
2023-12-19 15:12:634 INFO  MyAccountsPage :118 - All the information 
2023-12-19 15:12:667 INFO  MyAccountsPage :127 - Get text account created : Proxy element for: DefaultElementLocator 'By.xpath: //h1[text()='Your Account Has Been Created!']'
2023-12-19 15:12:600 INFO  HomePage :29 - Hover on desktop and click [[ChromeDriver: chrome on windows (424973408e4682bad8357918257fa520)] -> xpath: //a[text()='Desktops']]
2023-12-19 15:12:862 INFO  HomePage :33 - Call select menu method and click [[ChromeDriver: chrome on windows (424973408e4682bad8357918257fa520)] -> xpath: //a[text()='Desktops']]
2023-12-19 15:12:979 INFO  DesktopsPage :84 - Click on sort by Dropdown [[ChromeDriver: chrome on windows (424973408e4682bad8357918257fa520)] -> id: input-sort]
2023-12-19 15:12:445 INFO  DesktopsPage :89 - Select name Z to A from dropdown [[ChromeDriver: chrome on windows (424973408e4682bad8357918257fa520)] -> id: input-sort]
2023-12-19 15:12:00 INFO  DesktopsPage :172 - Product is in Descending order [[[ChromeDriver: chrome on windows (424973408e4682bad8357918257fa520)] -> xpath: //h4/a], [[ChromeDriver: chrome on windows (424973408e4682bad8357918257fa520)] -> xpath: //h4/a], [[ChromeDriver: chrome on windows (424973408e4682bad8357918257fa520)] -> xpath: //h4/a], [[ChromeDriver: chrome on windows (424973408e4682bad8357918257fa520)] -> xpath: //h4/a], [[ChromeDriver: chrome on windows (424973408e4682bad8357918257fa520)] -> xpath: //h4/a], [[ChromeDriver: chrome on windows (424973408e4682bad8357918257fa520)] -> xpath: //h4/a], [[ChromeDriver: chrome on windows (424973408e4682bad8357918257fa520)] -> xpath: //h4/a], [[ChromeDriver: chrome on windows (424973408e4682bad8357918257fa520)] -> xpath: //h4/a], [[ChromeDriver: chrome on windows (424973408e4682bad8357918257fa520)] -> xpath: //h4/a], [[ChromeDriver: chrome on windows (424973408e4682bad8357918257fa520)] -> xpath: //h4/a], [[ChromeDriver: chrome on windows (424973408e4682bad8357918257fa520)] -> xpath: //h4/a], [[ChromeDriver: chrome on windows (424973408e4682bad8357918257fa520)] -> xpath: //h4/a]]
2023-12-19 15:12:756 INFO  DesktopsPage :186 - mouse hover on currency [[ChromeDriver: chrome on windows (4fd13ea27be24c016d549e3067c01a04)] -> xpath: //span[normalize-space()='Currency']]
2023-12-19 15:12:603 INFO  DesktopsPage :186 - mouse hover on currency [[ChromeDriver: chrome on windows (b907c2dcb5b64c409ab3c603e4a7bfa2)] -> xpath: //span[normalize-space()='Currency']]
2023-12-19 15:12:259 INFO  DesktopsPage :186 - mouse hover on currency [[ChromeDriver: chrome on windows (258af23a8e1c65eb02627ea4f838f53e)] -> xpath: //span[normalize-space()='Currency']]
2023-12-19 15:12:85 INFO  DesktopsPage :186 - mouse hover on currency [[ChromeDriver: chrome on windows (3e925007e17c2d6a953042a628afa4e7)] -> xpath: //span[normalize-space()='Currency']]
2023-12-19 15:12:86 INFO  DesktopsPage :186 - mouse hover on currency [[ChromeDriver: chrome on windows (941f8d04a08425bd74485a5f98286bec)] -> xpath: //span[normalize-space()='Currency']]
2023-12-19 15:12:568 INFO  DesktopsPage :186 - mouse hover on currency [[ChromeDriver: chrome on windows (7821d7bfd2881aa47f69f9a3dcc3bda9)] -> xpath: //span[normalize-space()='Currency']]
2023-12-19 15:12:995 INFO  HomePage :37 - Hover on the laptops and notebooks and click [[ChromeDriver: chrome on windows (ad67e568a25009b8159eb2bcba7f6e0b)] -> xpath: //a[text()='Laptops & Notebooks']]
2023-12-19 15:12:321 INFO  HomePage :33 - Call select menu method and click [[ChromeDriver: chrome on windows (ad67e568a25009b8159eb2bcba7f6e0b)] -> xpath: //a[text()='Desktops']]
2023-12-19 15:12:441 INFO  LaptopsAndNotebooksPage :42 - Click on sort by dropdown [[ChromeDriver: chrome on windows (ad67e568a25009b8159eb2bcba7f6e0b)] -> id: input-sort]
2023-12-19 15:12:972 INFO  LaptopsAndNotebooksPage :46 - Select price high to low [[ChromeDriver: chrome on windows (ad67e568a25009b8159eb2bcba7f6e0b)] -> id: input-sort]
2023-12-19 15:12:298 INFO  LaptopsAndNotebooksPage :73 - Select product macbook [2000.0, 1202.0, 1202.0, 602.0, 122.0]
2023-12-19 15:12:455 INFO  HomePage :37 - Hover on the laptops and notebooks and click [[ChromeDriver: chrome on windows (15fdeb6b164b40bee6e8d35540738080)] -> xpath: //a[text()='Laptops & Notebooks']]
2023-12-19 15:12:741 INFO  HomePage :33 - Call select menu method and click [[ChromeDriver: chrome on windows (15fdeb6b164b40bee6e8d35540738080)] -> xpath: //a[text()='Desktops']]
2023-12-19 15:12:793 INFO  LaptopsAndNotebooksPage :42 - Click on sort by dropdown [[ChromeDriver: chrome on windows (15fdeb6b164b40bee6e8d35540738080)] -> id: input-sort]
2023-12-19 15:12:245 INFO  LaptopsAndNotebooksPage :46 - Select price high to low [[ChromeDriver: chrome on windows (15fdeb6b164b40bee6e8d35540738080)] -> id: input-sort]
2023-12-19 15:12:653 INFO  LaptopsAndNotebooksPage :50 - Select product macbook [[ChromeDriver: chrome on windows (15fdeb6b164b40bee6e8d35540738080)] -> xpath: //a[text()='MacBook']]
2023-12-19 15:12:683 INFO  MacBookPage :33 - Get text macbook [[ChromeDriver: chrome on windows (15fdeb6b164b40bee6e8d35540738080)] -> xpath: //h1[text()='MacBook']]
2023-12-19 15:12:790 INFO  MacBookPage :39 - Click on add to cart button [[ChromeDriver: chrome on windows (15fdeb6b164b40bee6e8d35540738080)] -> css selector: #button-cart]
2023-12-19 15:12:11 INFO  MacBookPage :43 - Get text success [[ChromeDriver: chrome on windows (15fdeb6b164b40bee6e8d35540738080)] -> css selector: .alert.alert-success.alert-dismissible]
2023-12-19 15:12:377 INFO  MacBookPage :49 - Click link shopping cart [[ChromeDriver: chrome on windows (15fdeb6b164b40bee6e8d35540738080)] -> css selector: .alert.alert-success.alert-dismissible a:nth-of-type(2)]
2023-12-19 15:12:416 INFO  ShoppingCartPage :105 - Get text shopping cart : [[ChromeDriver: chrome on windows (15fdeb6b164b40bee6e8d35540738080)] -> css selector: #content>h1]
2023-12-19 15:12:454 INFO  ShoppingCartPage :130 - Get text MacBook [[ChromeDriver: chrome on windows (15fdeb6b164b40bee6e8d35540738080)] -> css selector: body > div:nth-child(4) > div:nth-child(2) > div:nth-child(1) > form:nth-child(2) > div:nth-child(1) > table:nth-child(1) > tbody:nth-child(2) > tr:nth-child(1) > td:nth-child(2) > a:nth-child(1)]
2023-12-19 15:12:553 INFO  ShoppingCartPage :136 - Change Quantity [[ChromeDriver: chrome on windows (15fdeb6b164b40bee6e8d35540738080)] -> css selector: div.input-group.btn-block>input]
2023-12-19 15:12:97 INFO  ShoppingCartPage :141 - Click on update tab [[ChromeDriver: chrome on windows (15fdeb6b164b40bee6e8d35540738080)] -> css selector: .fa.fa-refresh]
2023-12-19 15:12:115 INFO  ShoppingCartPage :145 - get text message [[ChromeDriver: chrome on windows (15fdeb6b164b40bee6e8d35540738080)] -> css selector: .alert.alert-success.alert-dismissible]
2023-12-19 15:12:151 INFO  ShoppingCartPage :150 - Get text total [[ChromeDriver: chrome on windows (15fdeb6b164b40bee6e8d35540738080)] -> css selector: #content > div.row > div > table > tbody > tr:nth-child(4) > td:nth-child(2)]
2023-12-19 15:12:488 INFO  ShoppingCartPage :156 - Click on check out button [[ChromeDriver: chrome on windows (15fdeb6b164b40bee6e8d35540738080)] -> css selector: a.btn.btn-primary]
2023-12-19 15:12:513 INFO  ShoppingCartPage :160 - Get text Check out [[ChromeDriver: chrome on windows (15fdeb6b164b40bee6e8d35540738080)] -> xpath: //h1[text()='Checkout']]
2023-12-19 15:12:558 INFO  ShoppingCartPage :165 - Get text new customer [[ChromeDriver: chrome on windows (15fdeb6b164b40bee6e8d35540738080)] -> xpath: //h2[text()='New Customer']]
2023-12-19 15:12:685 INFO  ShoppingCartPage :171 - Click on guest check out radio [[ChromeDriver: chrome on windows (15fdeb6b164b40bee6e8d35540738080)] -> css selector: input[value='guest']]
2023-12-19 15:12:767 INFO  ShoppingCartPage :176 - Click on continue button [[ChromeDriver: chrome on windows (15fdeb6b164b40bee6e8d35540738080)] -> css selector: #button-account]
2023-12-19 15:12:154 INFO  ShoppingCartPage :188 - Mandatory fields 
2023-12-19 15:12:258 INFO  ShoppingCartPage :193 - Click on continue button [[ChromeDriver: chrome on windows (15fdeb6b164b40bee6e8d35540738080)] -> css selector: #button-guest]
2023-12-19 15:12:941 INFO  ShoppingCartPage :198 - Add comments about order [[ChromeDriver: chrome on windows (15fdeb6b164b40bee6e8d35540738080)] -> css selector: textarea[name='comment']]
2023-12-19 15:12:94 INFO  ShoppingCartPage :203 - Click on terms and condition checkbox [[ChromeDriver: chrome on windows (15fdeb6b164b40bee6e8d35540738080)] -> css selector: input[type='checkbox']]
2023-12-19 15:12:189 INFO  ShoppingCartPage :208 - Click on continue button [[ChromeDriver: chrome on windows (15fdeb6b164b40bee6e8d35540738080)] -> css selector: #button-payment-method]
2023-12-19 15:12:744 INFO  ShoppingCartPage :212 - Get text warning message [[ChromeDriver: chrome on windows (15fdeb6b164b40bee6e8d35540738080)] -> css selector: .alert.alert-danger.alert-dismissible]
2023-12-19 15:12:750 INFO  MyAccountsPage :82 - Click on my account link [[ChromeDriver: chrome on windows (ec3ca7938675c09299c267f9d6110f99)] -> xpath: //span[text()='My Account']]
2023-12-19 15:12:71 INFO  MyAccountsPage :90 - Select my account option 
2023-12-19 15:12:99 INFO  MyAccountsPage :97 - Get text from element [[ChromeDriver: chrome on windows (ec3ca7938675c09299c267f9d6110f99)] -> css selector: #content h1]
2023-12-19 15:12:210 INFO  MyAccountsPage :82 - Click on my account link [[ChromeDriver: chrome on windows (b8af6d3a3d6778822184c44b5ebaf0ee)] -> xpath: //span[text()='My Account']]
2023-12-19 15:12:694 INFO  MyAccountsPage :102 - Select my account Login 
2023-12-19 15:12:721 INFO  MyAccountsPage :105 - Get text returning customer [[ChromeDriver: chrome on windows (b8af6d3a3d6778822184c44b5ebaf0ee)] -> css selector: #content > div > div:nth-child(2) > div > h2]
2023-12-19 15:12:439 INFO  MyAccountsPage :82 - Click on my account link [[ChromeDriver: chrome on windows (af9568f83f6551898c68f1cf020f54df)] -> xpath: //span[text()='My Account']]
2023-12-19 15:12:390 INFO  MyAccountsPage :90 - Select my account option 
2023-12-19 15:12:529 INFO  MyAccountsPage :118 - All the information 
2023-12-19 15:12:556 INFO  MyAccountsPage :127 - Get text account created : Proxy element for: DefaultElementLocator 'By.xpath: //h1[text()='Your Account Has Been Created!']'
2023-12-19 15:12:138 INFO  MyAccountsPage :82 - Click on my account link [[ChromeDriver: chrome on windows (d23dd2e843d170eeceafbe1396f05cbf)] -> xpath: //span[text()='My Account']]
2023-12-19 15:12:535 INFO  MyAccountsPage :102 - Select my account Login 
2023-12-19 15:12:137 INFO  MyAccountsPage :124 - Email password information 
2023-12-19 15:12:209 INFO  MyAccountsPage :143 - Get text my account Proxy element for: DefaultElementLocator 'By.xpath: //h2[text()='My Account']'
2023-12-19 15:12:540 INFO  HomePage :29 - Hover on desktop and click [[ChromeDriver: chrome on windows (1af56ea3690f9170ecade22e02ee4c3c)] -> xpath: //a[text()='Desktops']]
2023-12-19 15:12:269 INFO  HomePage :33 - Call select menu method and click [[ChromeDriver: chrome on windows (1af56ea3690f9170ecade22e02ee4c3c)] -> xpath: //a[text()='Desktops']]
2023-12-19 15:12:302 INFO  DesktopsPage :78 - Get text from desktops [[ChromeDriver: chrome on windows (1af56ea3690f9170ecade22e02ee4c3c)] -> xpath: //h2]
2023-12-19 15:12:492 INFO  HomePage :37 - Hover on the laptops and notebooks and click [[ChromeDriver: chrome on windows (60d07254fd99b72e1462ebb89d25ffc4)] -> xpath: //a[text()='Laptops & Notebooks']]
2023-12-19 15:12:13 INFO  HomePage :33 - Call select menu method and click [[ChromeDriver: chrome on windows (60d07254fd99b72e1462ebb89d25ffc4)] -> xpath: //a[text()='Desktops']]
2023-12-19 15:12:37 INFO  LaptopsAndNotebooksPage :37 - Get text [[ChromeDriver: chrome on windows (60d07254fd99b72e1462ebb89d25ffc4)] -> css selector: #content h2]
2023-12-19 15:12:754 INFO  HomePage :41 - Hover on the components and click [[ChromeDriver: chrome on windows (cc54584f0249e1d44800505c5f15a238)] -> xpath: //a[text()='Components']]
2023-12-19 15:12:387 INFO  HomePage :33 - Call select menu method and click [[ChromeDriver: chrome on windows (cc54584f0249e1d44800505c5f15a238)] -> xpath: //a[text()='Desktops']]
2023-12-19 15:12:428 INFO  ComponentsPage :24 - Get text from components [[ChromeDriver: chrome on windows (cc54584f0249e1d44800505c5f15a238)] -> css selector: #content h2]
